2025-01-18T10:32:48.084+02:00  INFO 62168 --- [main] o.s.main.student.StudentRepositoryTest   : Starting StudentRepositoryTest using Java 17.0.12 with PID 62168 (started by admin in /Users/admin/IdeaProjects/StudyManager)
2025-01-18T10:32:48.087+02:00  INFO 62168 --- [main] o.s.main.student.StudentRepositoryTest   : No active profile set, falling back to 1 default profile: "default"
2025-01-18T10:32:48.306+02:00  INFO 62168 --- [main] .s.d.r.c.RepositoryConfigurationDelegate : Bootstrapping Spring Data JPA repositories in DEFAULT mode.
2025-01-18T10:32:48.365+02:00  INFO 62168 --- [main] .s.d.r.c.RepositoryConfigurationDelegate : Finished Spring Data repository scanning in 51 ms. Found 2 JPA repository interfaces.
2025-01-18T10:32:48.412+02:00  INFO 62168 --- [main] beddedDataSourceBeanFactoryPostProcessor : Replacing 'dataSource' DataSource bean with embedded version
2025-01-18T10:32:48.517+02:00  INFO 62168 --- [main] o.s.j.d.e.EmbeddedDatabaseFactory        : Starting embedded database: url='jdbc:h2:mem:37797055-432c-4810-93e4-f6b8f9587b21;DB_CLOSE_DELAY=-1;DB_CLOSE_ON_EXIT=false', username='sa'
2025-01-18T10:32:48.675+02:00  INFO 62168 --- [main] o.hibernate.jpa.internal.util.LogHelper  : HHH000204: Processing PersistenceUnitInfo [name: default]
2025-01-18T10:32:48.704+02:00  INFO 62168 --- [main] org.hibernate.Version                    : HHH000412: Hibernate ORM core version 6.6.2.Final
2025-01-18T10:32:48.720+02:00  INFO 62168 --- [main] o.h.c.internal.RegionFactoryInitiator    : HHH000026: Second-level cache disabled
2025-01-18T10:32:48.866+02:00  INFO 62168 --- [main] o.s.o.j.p.SpringPersistenceUnitInfo      : No LoadTimeWeaver setup: ignoring JPA class transformer
2025-01-18T10:32:49.342+02:00  INFO 62168 --- [main] o.h.e.t.j.p.i.JtaPlatformInitiator       : HHH000489: No JTA platform available (set 'hibernate.transaction.jta.platform' to enable JTA platform integration)
2025-01-18T10:32:49.358+02:00  INFO 62168 --- [main] j.LocalContainerEntityManagerFactoryBean : Initialized JPA EntityManagerFactory for persistence unit 'default'
2025-01-18T10:32:49.524+02:00  INFO 62168 --- [main] o.s.main.student.StudentRepositoryTest   : Started StudentRepositoryTest in 1.624 seconds (process running for 2.285)
2025-01-18T10:32:49.812+02:00  INFO 62168 --- [SpringApplicationShutdownHook] j.LocalContainerEntityManagerFactoryBean : Closing JPA EntityManagerFactory for persistence unit 'default'
2025-01-18T10:36:13.613+02:00  INFO 62236 --- [main] o.s.main.student.StudentRepositoryTest   : Starting StudentRepositoryTest using Java 17.0.12 with PID 62236 (started by admin in /Users/admin/IdeaProjects/StudyManager)
2025-01-18T10:36:13.614+02:00  INFO 62236 --- [main] o.s.main.student.StudentRepositoryTest   : No active profile set, falling back to 1 default profile: "default"
2025-01-18T10:36:13.809+02:00  INFO 62236 --- [main] .s.d.r.c.RepositoryConfigurationDelegate : Bootstrapping Spring Data JPA repositories in DEFAULT mode.
2025-01-18T10:36:13.854+02:00  INFO 62236 --- [main] .s.d.r.c.RepositoryConfigurationDelegate : Finished Spring Data repository scanning in 38 ms. Found 2 JPA repository interfaces.
2025-01-18T10:36:13.887+02:00  INFO 62236 --- [main] beddedDataSourceBeanFactoryPostProcessor : Replacing 'dataSource' DataSource bean with embedded version
2025-01-18T10:36:13.955+02:00  INFO 62236 --- [main] o.s.j.d.e.EmbeddedDatabaseFactory        : Starting embedded database: url='jdbc:h2:mem:feb9fdf9-4a90-4f88-af91-d883088f3b38;DB_CLOSE_DELAY=-1;DB_CLOSE_ON_EXIT=false', username='sa'
2025-01-18T10:36:14.098+02:00  INFO 62236 --- [main] o.hibernate.jpa.internal.util.LogHelper  : HHH000204: Processing PersistenceUnitInfo [name: default]
2025-01-18T10:36:14.124+02:00  INFO 62236 --- [main] org.hibernate.Version                    : HHH000412: Hibernate ORM core version 6.6.2.Final
2025-01-18T10:36:14.140+02:00  INFO 62236 --- [main] o.h.c.internal.RegionFactoryInitiator    : HHH000026: Second-level cache disabled
2025-01-18T10:36:14.253+02:00  INFO 62236 --- [main] o.s.o.j.p.SpringPersistenceUnitInfo      : No LoadTimeWeaver setup: ignoring JPA class transformer
2025-01-18T10:36:14.722+02:00  INFO 62236 --- [main] o.h.e.t.j.p.i.JtaPlatformInitiator       : HHH000489: No JTA platform available (set 'hibernate.transaction.jta.platform' to enable JTA platform integration)
2025-01-18T10:36:14.739+02:00  INFO 62236 --- [main] j.LocalContainerEntityManagerFactoryBean : Initialized JPA EntityManagerFactory for persistence unit 'default'
2025-01-18T10:36:14.904+02:00  INFO 62236 --- [main] o.s.main.student.StudentRepositoryTest   : Started StudentRepositoryTest in 1.464 seconds (process running for 2.105)
2025-01-18T10:36:15.175+02:00  INFO 62236 --- [SpringApplicationShutdownHook] j.LocalContainerEntityManagerFactoryBean : Closing JPA EntityManagerFactory for persistence unit 'default'
2025-01-18T10:36:39.743+02:00  INFO 62251 --- [main] o.s.main.student.StudentRepositoryTest   : Starting StudentRepositoryTest using Java 17.0.12 with PID 62251 (started by admin in /Users/admin/IdeaProjects/StudyManager)
2025-01-18T10:36:39.744+02:00  INFO 62251 --- [main] o.s.main.student.StudentRepositoryTest   : No active profile set, falling back to 1 default profile: "default"
2025-01-18T10:36:39.922+02:00  INFO 62251 --- [main] .s.d.r.c.RepositoryConfigurationDelegate : Bootstrapping Spring Data JPA repositories in DEFAULT mode.
2025-01-18T10:36:39.975+02:00  INFO 62251 --- [main] .s.d.r.c.RepositoryConfigurationDelegate : Finished Spring Data repository scanning in 47 ms. Found 2 JPA repository interfaces.
2025-01-18T10:36:40.009+02:00  INFO 62251 --- [main] beddedDataSourceBeanFactoryPostProcessor : Replacing 'dataSource' DataSource bean with embedded version
2025-01-18T10:36:40.078+02:00  INFO 62251 --- [main] o.s.j.d.e.EmbeddedDatabaseFactory        : Starting embedded database: url='jdbc:h2:mem:71784bb4-d393-4597-af0b-07bfccf570ae;DB_CLOSE_DELAY=-1;DB_CLOSE_ON_EXIT=false', username='sa'
2025-01-18T10:36:40.259+02:00  INFO 62251 --- [main] o.hibernate.jpa.internal.util.LogHelper  : HHH000204: Processing PersistenceUnitInfo [name: default]
2025-01-18T10:36:40.284+02:00  INFO 62251 --- [main] org.hibernate.Version                    : HHH000412: Hibernate ORM core version 6.6.2.Final
2025-01-18T10:36:40.298+02:00  INFO 62251 --- [main] o.h.c.internal.RegionFactoryInitiator    : HHH000026: Second-level cache disabled
2025-01-18T10:36:40.412+02:00  INFO 62251 --- [main] o.s.o.j.p.SpringPersistenceUnitInfo      : No LoadTimeWeaver setup: ignoring JPA class transformer
2025-01-18T10:36:40.891+02:00  INFO 62251 --- [main] o.h.e.t.j.p.i.JtaPlatformInitiator       : HHH000489: No JTA platform available (set 'hibernate.transaction.jta.platform' to enable JTA platform integration)
2025-01-18T10:36:40.910+02:00  INFO 62251 --- [main] j.LocalContainerEntityManagerFactoryBean : Initialized JPA EntityManagerFactory for persistence unit 'default'
2025-01-18T10:36:41.070+02:00  INFO 62251 --- [main] o.s.main.student.StudentRepositoryTest   : Started StudentRepositoryTest in 1.504 seconds (process running for 2.114)
2025-01-18T10:36:41.363+02:00  INFO 62251 --- [SpringApplicationShutdownHook] j.LocalContainerEntityManagerFactoryBean : Closing JPA EntityManagerFactory for persistence unit 'default'
2025-01-18T10:37:21.792+02:00  INFO 62264 --- [main] o.s.main.student.StudentRepositoryTest   : Starting StudentRepositoryTest using Java 17.0.12 with PID 62264 (started by admin in /Users/admin/IdeaProjects/StudyManager)
2025-01-18T10:37:21.793+02:00  INFO 62264 --- [main] o.s.main.student.StudentRepositoryTest   : No active profile set, falling back to 1 default profile: "default"
2025-01-18T10:37:21.979+02:00  INFO 62264 --- [main] .s.d.r.c.RepositoryConfigurationDelegate : Bootstrapping Spring Data JPA repositories in DEFAULT mode.
2025-01-18T10:37:22.030+02:00  INFO 62264 --- [main] .s.d.r.c.RepositoryConfigurationDelegate : Finished Spring Data repository scanning in 46 ms. Found 2 JPA repository interfaces.
2025-01-18T10:37:22.061+02:00  INFO 62264 --- [main] beddedDataSourceBeanFactoryPostProcessor : Replacing 'dataSource' DataSource bean with embedded version
2025-01-18T10:37:22.123+02:00  INFO 62264 --- [main] o.s.j.d.e.EmbeddedDatabaseFactory        : Starting embedded database: url='jdbc:h2:mem:37cb93a8-a569-4e53-b128-dad3b68dc00e;DB_CLOSE_DELAY=-1;DB_CLOSE_ON_EXIT=false', username='sa'
2025-01-18T10:37:22.261+02:00  INFO 62264 --- [main] o.hibernate.jpa.internal.util.LogHelper  : HHH000204: Processing PersistenceUnitInfo [name: default]
2025-01-18T10:37:22.285+02:00  INFO 62264 --- [main] org.hibernate.Version                    : HHH000412: Hibernate ORM core version 6.6.2.Final
2025-01-18T10:37:22.300+02:00  INFO 62264 --- [main] o.h.c.internal.RegionFactoryInitiator    : HHH000026: Second-level cache disabled
2025-01-18T10:37:22.410+02:00  INFO 62264 --- [main] o.s.o.j.p.SpringPersistenceUnitInfo      : No LoadTimeWeaver setup: ignoring JPA class transformer
2025-01-18T10:37:22.857+02:00  INFO 62264 --- [main] o.h.e.t.j.p.i.JtaPlatformInitiator       : HHH000489: No JTA platform available (set 'hibernate.transaction.jta.platform' to enable JTA platform integration)
2025-01-18T10:37:22.874+02:00  INFO 62264 --- [main] j.LocalContainerEntityManagerFactoryBean : Initialized JPA EntityManagerFactory for persistence unit 'default'
2025-01-18T10:37:23.030+02:00  INFO 62264 --- [main] o.s.main.student.StudentRepositoryTest   : Started StudentRepositoryTest in 1.432 seconds (process running for 2.049)
2025-01-18T10:37:23.292+02:00  INFO 62264 --- [SpringApplicationShutdownHook] j.LocalContainerEntityManagerFactoryBean : Closing JPA EntityManagerFactory for persistence unit 'default'
2025-01-18T10:37:53.695+02:00  INFO 62279 --- [main] o.s.main.student.StudentRepositoryTest   : Starting StudentRepositoryTest using Java 17.0.12 with PID 62279 (started by admin in /Users/admin/IdeaProjects/StudyManager)
2025-01-18T10:37:53.696+02:00  INFO 62279 --- [main] o.s.main.student.StudentRepositoryTest   : No active profile set, falling back to 1 default profile: "default"
2025-01-18T10:37:53.935+02:00  INFO 62279 --- [main] .s.d.r.c.RepositoryConfigurationDelegate : Bootstrapping Spring Data JPA repositories in DEFAULT mode.
2025-01-18T10:37:53.976+02:00  INFO 62279 --- [main] .s.d.r.c.RepositoryConfigurationDelegate : Finished Spring Data repository scanning in 34 ms. Found 2 JPA repository interfaces.
2025-01-18T10:37:54.000+02:00  INFO 62279 --- [main] beddedDataSourceBeanFactoryPostProcessor : Replacing 'dataSource' DataSource bean with embedded version
2025-01-18T10:37:54.068+02:00  INFO 62279 --- [main] o.s.j.d.e.EmbeddedDatabaseFactory        : Starting embedded database: url='jdbc:h2:mem:994d3a85-acbc-4074-ba67-195d8428de21;DB_CLOSE_DELAY=-1;DB_CLOSE_ON_EXIT=false', username='sa'
2025-01-18T10:37:54.209+02:00  INFO 62279 --- [main] o.hibernate.jpa.internal.util.LogHelper  : HHH000204: Processing PersistenceUnitInfo [name: default]
2025-01-18T10:37:54.231+02:00  INFO 62279 --- [main] org.hibernate.Version                    : HHH000412: Hibernate ORM core version 6.6.2.Final
2025-01-18T10:37:54.244+02:00  INFO 62279 --- [main] o.h.c.internal.RegionFactoryInitiator    : HHH000026: Second-level cache disabled
2025-01-18T10:37:54.356+02:00  INFO 62279 --- [main] o.s.o.j.p.SpringPersistenceUnitInfo      : No LoadTimeWeaver setup: ignoring JPA class transformer
2025-01-18T10:37:54.822+02:00  INFO 62279 --- [main] o.h.e.t.j.p.i.JtaPlatformInitiator       : HHH000489: No JTA platform available (set 'hibernate.transaction.jta.platform' to enable JTA platform integration)
2025-01-18T10:37:54.837+02:00  INFO 62279 --- [main] j.LocalContainerEntityManagerFactoryBean : Initialized JPA EntityManagerFactory for persistence unit 'default'
2025-01-18T10:37:55.017+02:00  INFO 62279 --- [main] o.s.main.student.StudentRepositoryTest   : Started StudentRepositoryTest in 1.512 seconds (process running for 2.143)
2025-01-18T10:37:55.339+02:00  INFO 62279 --- [SpringApplicationShutdownHook] j.LocalContainerEntityManagerFactoryBean : Closing JPA EntityManagerFactory for persistence unit 'default'
2025-01-18T10:38:04.189+02:00  INFO 62288 --- [main] o.s.main.student.StudentRepositoryTest   : Starting StudentRepositoryTest using Java 17.0.12 with PID 62288 (started by admin in /Users/admin/IdeaProjects/StudyManager)
2025-01-18T10:38:04.190+02:00  INFO 62288 --- [main] o.s.main.student.StudentRepositoryTest   : No active profile set, falling back to 1 default profile: "default"
2025-01-18T10:38:04.431+02:00  INFO 62288 --- [main] .s.d.r.c.RepositoryConfigurationDelegate : Bootstrapping Spring Data JPA repositories in DEFAULT mode.
2025-01-18T10:38:04.464+02:00  INFO 62288 --- [main] .s.d.r.c.RepositoryConfigurationDelegate : Finished Spring Data repository scanning in 28 ms. Found 2 JPA repository interfaces.
2025-01-18T10:38:04.490+02:00  INFO 62288 --- [main] beddedDataSourceBeanFactoryPostProcessor : Replacing 'dataSource' DataSource bean with embedded version
2025-01-18T10:38:04.556+02:00  INFO 62288 --- [main] o.s.j.d.e.EmbeddedDatabaseFactory        : Starting embedded database: url='jdbc:h2:mem:c037be30-7d9c-4229-9ff3-a4224ee76412;DB_CLOSE_DELAY=-1;DB_CLOSE_ON_EXIT=false', username='sa'
2025-01-18T10:38:04.693+02:00  INFO 62288 --- [main] o.hibernate.jpa.internal.util.LogHelper  : HHH000204: Processing PersistenceUnitInfo [name: default]
2025-01-18T10:38:04.719+02:00  INFO 62288 --- [main] org.hibernate.Version                    : HHH000412: Hibernate ORM core version 6.6.2.Final
2025-01-18T10:38:04.734+02:00  INFO 62288 --- [main] o.h.c.internal.RegionFactoryInitiator    : HHH000026: Second-level cache disabled
2025-01-18T10:38:04.849+02:00  INFO 62288 --- [main] o.s.o.j.p.SpringPersistenceUnitInfo      : No LoadTimeWeaver setup: ignoring JPA class transformer
2025-01-18T10:38:05.306+02:00  INFO 62288 --- [main] o.h.e.t.j.p.i.JtaPlatformInitiator       : HHH000489: No JTA platform available (set 'hibernate.transaction.jta.platform' to enable JTA platform integration)
2025-01-18T10:38:05.323+02:00  INFO 62288 --- [main] j.LocalContainerEntityManagerFactoryBean : Initialized JPA EntityManagerFactory for persistence unit 'default'
2025-01-18T10:38:05.508+02:00  INFO 62288 --- [main] o.s.main.student.StudentRepositoryTest   : Started StudentRepositoryTest in 1.572 seconds (process running for 2.248)
2025-01-18T10:38:05.815+02:00  INFO 62288 --- [SpringApplicationShutdownHook] j.LocalContainerEntityManagerFactoryBean : Closing JPA EntityManagerFactory for persistence unit 'default'
2025-01-18T10:39:25.158+02:00  INFO 62316 --- [main] o.s.main.student.StudentRepositoryTest   : Starting StudentRepositoryTest using Java 17.0.12 with PID 62316 (started by admin in /Users/admin/IdeaProjects/StudyManager)
2025-01-18T10:39:25.159+02:00  INFO 62316 --- [main] o.s.main.student.StudentRepositoryTest   : No active profile set, falling back to 1 default profile: "default"
2025-01-18T10:39:25.383+02:00  INFO 62316 --- [main] .s.d.r.c.RepositoryConfigurationDelegate : Bootstrapping Spring Data JPA repositories in DEFAULT mode.
2025-01-18T10:39:25.422+02:00  INFO 62316 --- [main] .s.d.r.c.RepositoryConfigurationDelegate : Finished Spring Data repository scanning in 33 ms. Found 2 JPA repository interfaces.
2025-01-18T10:39:25.450+02:00  INFO 62316 --- [main] beddedDataSourceBeanFactoryPostProcessor : Replacing 'dataSource' DataSource bean with embedded version
2025-01-18T10:39:25.521+02:00  INFO 62316 --- [main] o.s.j.d.e.EmbeddedDatabaseFactory        : Starting embedded database: url='jdbc:h2:mem:e8a39db2-2820-4258-bc7d-dfabfb37fa51;DB_CLOSE_DELAY=-1;DB_CLOSE_ON_EXIT=false', username='sa'
2025-01-18T10:39:25.657+02:00  INFO 62316 --- [main] o.hibernate.jpa.internal.util.LogHelper  : HHH000204: Processing PersistenceUnitInfo [name: default]
2025-01-18T10:39:25.681+02:00  INFO 62316 --- [main] org.hibernate.Version                    : HHH000412: Hibernate ORM core version 6.6.2.Final
2025-01-18T10:39:25.694+02:00  INFO 62316 --- [main] o.h.c.internal.RegionFactoryInitiator    : HHH000026: Second-level cache disabled
2025-01-18T10:39:25.808+02:00  INFO 62316 --- [main] o.s.o.j.p.SpringPersistenceUnitInfo      : No LoadTimeWeaver setup: ignoring JPA class transformer
2025-01-18T10:39:26.288+02:00  INFO 62316 --- [main] o.h.e.t.j.p.i.JtaPlatformInitiator       : HHH000489: No JTA platform available (set 'hibernate.transaction.jta.platform' to enable JTA platform integration)
2025-01-18T10:39:26.304+02:00  INFO 62316 --- [main] j.LocalContainerEntityManagerFactoryBean : Initialized JPA EntityManagerFactory for persistence unit 'default'
2025-01-18T10:39:26.471+02:00  INFO 62316 --- [main] o.s.main.student.StudentRepositoryTest   : Started StudentRepositoryTest in 1.509 seconds (process running for 2.151)
2025-01-18T10:39:26.753+02:00  INFO 62316 --- [SpringApplicationShutdownHook] j.LocalContainerEntityManagerFactoryBean : Closing JPA EntityManagerFactory for persistence unit 'default'
2025-01-18T10:39:35.379+02:00  INFO 62327 --- [main] o.s.main.student.StudentRepositoryTest   : Starting StudentRepositoryTest using Java 17.0.12 with PID 62327 (started by admin in /Users/admin/IdeaProjects/StudyManager)
2025-01-18T10:39:35.380+02:00  INFO 62327 --- [main] o.s.main.student.StudentRepositoryTest   : No active profile set, falling back to 1 default profile: "default"
2025-01-18T10:39:35.561+02:00  INFO 62327 --- [main] .s.d.r.c.RepositoryConfigurationDelegate : Bootstrapping Spring Data JPA repositories in DEFAULT mode.
2025-01-18T10:39:35.600+02:00  INFO 62327 --- [main] .s.d.r.c.RepositoryConfigurationDelegate : Finished Spring Data repository scanning in 34 ms. Found 2 JPA repository interfaces.
2025-01-18T10:39:35.624+02:00  INFO 62327 --- [main] beddedDataSourceBeanFactoryPostProcessor : Replacing 'dataSource' DataSource bean with embedded version
2025-01-18T10:39:35.689+02:00  INFO 62327 --- [main] o.s.j.d.e.EmbeddedDatabaseFactory        : Starting embedded database: url='jdbc:h2:mem:ee810bbd-2ea5-4a66-9940-7a742c6e7688;DB_CLOSE_DELAY=-1;DB_CLOSE_ON_EXIT=false', username='sa'
2025-01-18T10:39:35.828+02:00  INFO 62327 --- [main] o.hibernate.jpa.internal.util.LogHelper  : HHH000204: Processing PersistenceUnitInfo [name: default]
2025-01-18T10:39:35.851+02:00  INFO 62327 --- [main] org.hibernate.Version                    : HHH000412: Hibernate ORM core version 6.6.2.Final
2025-01-18T10:39:35.864+02:00  INFO 62327 --- [main] o.h.c.internal.RegionFactoryInitiator    : HHH000026: Second-level cache disabled
2025-01-18T10:39:35.974+02:00  INFO 62327 --- [main] o.s.o.j.p.SpringPersistenceUnitInfo      : No LoadTimeWeaver setup: ignoring JPA class transformer
2025-01-18T10:39:36.416+02:00  INFO 62327 --- [main] o.h.e.t.j.p.i.JtaPlatformInitiator       : HHH000489: No JTA platform available (set 'hibernate.transaction.jta.platform' to enable JTA platform integration)
2025-01-18T10:39:36.435+02:00  INFO 62327 --- [main] j.LocalContainerEntityManagerFactoryBean : Initialized JPA EntityManagerFactory for persistence unit 'default'
2025-01-18T10:39:36.589+02:00  INFO 62327 --- [main] o.s.main.student.StudentRepositoryTest   : Started StudentRepositoryTest in 1.377 seconds (process running for 1.986)
2025-01-18T10:39:36.870+02:00  INFO 62327 --- [SpringApplicationShutdownHook] j.LocalContainerEntityManagerFactoryBean : Closing JPA EntityManagerFactory for persistence unit 'default'
2025-01-18T10:44:21.245+02:00  INFO 62412 --- [main] o.s.main.student.StudentRepositoryTest   : Starting StudentRepositoryTest using Java 17.0.12 with PID 62412 (started by admin in /Users/admin/IdeaProjects/StudyManager)
2025-01-18T10:44:21.246+02:00  INFO 62412 --- [main] o.s.main.student.StudentRepositoryTest   : No active profile set, falling back to 1 default profile: "default"
2025-01-18T10:44:21.451+02:00  INFO 62412 --- [main] .s.d.r.c.RepositoryConfigurationDelegate : Bootstrapping Spring Data JPA repositories in DEFAULT mode.
2025-01-18T10:44:21.486+02:00  INFO 62412 --- [main] .s.d.r.c.RepositoryConfigurationDelegate : Finished Spring Data repository scanning in 30 ms. Found 2 JPA repository interfaces.
2025-01-18T10:44:21.514+02:00  INFO 62412 --- [main] beddedDataSourceBeanFactoryPostProcessor : Replacing 'dataSource' DataSource bean with embedded version
2025-01-18T10:44:21.586+02:00  INFO 62412 --- [main] o.s.j.d.e.EmbeddedDatabaseFactory        : Starting embedded database: url='jdbc:h2:mem:a6374020-7b1b-40e0-816b-fac568ffa007;DB_CLOSE_DELAY=-1;DB_CLOSE_ON_EXIT=false', username='sa'
2025-01-18T10:44:21.737+02:00  INFO 62412 --- [main] o.hibernate.jpa.internal.util.LogHelper  : HHH000204: Processing PersistenceUnitInfo [name: default]
2025-01-18T10:44:21.766+02:00  INFO 62412 --- [main] org.hibernate.Version                    : HHH000412: Hibernate ORM core version 6.6.2.Final
2025-01-18T10:44:21.782+02:00  INFO 62412 --- [main] o.h.c.internal.RegionFactoryInitiator    : HHH000026: Second-level cache disabled
2025-01-18T10:44:21.913+02:00  INFO 62412 --- [main] o.s.o.j.p.SpringPersistenceUnitInfo      : No LoadTimeWeaver setup: ignoring JPA class transformer
2025-01-18T10:44:22.383+02:00  INFO 62412 --- [main] o.h.e.t.j.p.i.JtaPlatformInitiator       : HHH000489: No JTA platform available (set 'hibernate.transaction.jta.platform' to enable JTA platform integration)
2025-01-18T10:44:22.400+02:00  INFO 62412 --- [main] j.LocalContainerEntityManagerFactoryBean : Initialized JPA EntityManagerFactory for persistence unit 'default'
2025-01-18T10:44:22.563+02:00  INFO 62412 --- [main] o.s.main.student.StudentRepositoryTest   : Started StudentRepositoryTest in 1.5 seconds (process running for 2.132)
2025-01-18T10:44:22.844+02:00  INFO 62412 --- [SpringApplicationShutdownHook] j.LocalContainerEntityManagerFactoryBean : Closing JPA EntityManagerFactory for persistence unit 'default'
2025-01-18T10:45:33.278+02:00  INFO 62437 --- [main] o.s.main.student.StudentRepositoryTest   : Starting StudentRepositoryTest using Java 17.0.12 with PID 62437 (started by admin in /Users/admin/IdeaProjects/StudyManager)
2025-01-18T10:45:33.279+02:00  INFO 62437 --- [main] o.s.main.student.StudentRepositoryTest   : No active profile set, falling back to 1 default profile: "default"
2025-01-18T10:45:33.474+02:00  INFO 62437 --- [main] .s.d.r.c.RepositoryConfigurationDelegate : Bootstrapping Spring Data JPA repositories in DEFAULT mode.
2025-01-18T10:45:33.524+02:00  INFO 62437 --- [main] .s.d.r.c.RepositoryConfigurationDelegate : Finished Spring Data repository scanning in 40 ms. Found 2 JPA repository interfaces.
2025-01-18T10:45:33.558+02:00  INFO 62437 --- [main] beddedDataSourceBeanFactoryPostProcessor : Replacing 'dataSource' DataSource bean with embedded version
2025-01-18T10:45:33.630+02:00  INFO 62437 --- [main] o.s.j.d.e.EmbeddedDatabaseFactory        : Starting embedded database: url='jdbc:h2:mem:4e4fc6b3-1189-4b69-a5a8-cd51827759a6;DB_CLOSE_DELAY=-1;DB_CLOSE_ON_EXIT=false', username='sa'
2025-01-18T10:45:33.762+02:00  INFO 62437 --- [main] o.hibernate.jpa.internal.util.LogHelper  : HHH000204: Processing PersistenceUnitInfo [name: default]
2025-01-18T10:45:33.790+02:00  INFO 62437 --- [main] org.hibernate.Version                    : HHH000412: Hibernate ORM core version 6.6.2.Final
2025-01-18T10:45:33.805+02:00  INFO 62437 --- [main] o.h.c.internal.RegionFactoryInitiator    : HHH000026: Second-level cache disabled
2025-01-18T10:45:33.933+02:00  INFO 62437 --- [main] o.s.o.j.p.SpringPersistenceUnitInfo      : No LoadTimeWeaver setup: ignoring JPA class transformer
2025-01-18T10:45:34.384+02:00  INFO 62437 --- [main] o.h.e.t.j.p.i.JtaPlatformInitiator       : HHH000489: No JTA platform available (set 'hibernate.transaction.jta.platform' to enable JTA platform integration)
2025-01-18T10:45:34.400+02:00  INFO 62437 --- [main] j.LocalContainerEntityManagerFactoryBean : Initialized JPA EntityManagerFactory for persistence unit 'default'
2025-01-18T10:45:34.570+02:00  INFO 62437 --- [main] o.s.main.student.StudentRepositoryTest   : Started StudentRepositoryTest in 1.466 seconds (process running for 2.162)
2025-01-18T10:45:34.863+02:00  INFO 62437 --- [SpringApplicationShutdownHook] j.LocalContainerEntityManagerFactoryBean : Closing JPA EntityManagerFactory for persistence unit 'default'
2025-01-18T10:46:44.894+02:00  INFO 62452 --- [main] o.s.main.student.StudentRepositoryTest   : Starting StudentRepositoryTest using Java 17.0.12 with PID 62452 (started by admin in /Users/admin/IdeaProjects/StudyManager)
2025-01-18T10:46:44.895+02:00  INFO 62452 --- [main] o.s.main.student.StudentRepositoryTest   : No active profile set, falling back to 1 default profile: "default"
2025-01-18T10:46:45.117+02:00  INFO 62452 --- [main] .s.d.r.c.RepositoryConfigurationDelegate : Bootstrapping Spring Data JPA repositories in DEFAULT mode.
2025-01-18T10:46:45.161+02:00  INFO 62452 --- [main] .s.d.r.c.RepositoryConfigurationDelegate : Finished Spring Data repository scanning in 38 ms. Found 2 JPA repository interfaces.
2025-01-18T10:46:45.188+02:00  INFO 62452 --- [main] beddedDataSourceBeanFactoryPostProcessor : Replacing 'dataSource' DataSource bean with embedded version
2025-01-18T10:46:45.263+02:00  INFO 62452 --- [main] o.s.j.d.e.EmbeddedDatabaseFactory        : Starting embedded database: url='jdbc:h2:mem:98c1acf1-1f4a-4f31-97b6-d430f4a1d7f6;DB_CLOSE_DELAY=-1;DB_CLOSE_ON_EXIT=false', username='sa'
2025-01-18T10:46:45.393+02:00  INFO 62452 --- [main] o.hibernate.jpa.internal.util.LogHelper  : HHH000204: Processing PersistenceUnitInfo [name: default]
2025-01-18T10:46:45.420+02:00  INFO 62452 --- [main] org.hibernate.Version                    : HHH000412: Hibernate ORM core version 6.6.2.Final
2025-01-18T10:46:45.434+02:00  INFO 62452 --- [main] o.h.c.internal.RegionFactoryInitiator    : HHH000026: Second-level cache disabled
2025-01-18T10:46:45.559+02:00  INFO 62452 --- [main] o.s.o.j.p.SpringPersistenceUnitInfo      : No LoadTimeWeaver setup: ignoring JPA class transformer
2025-01-18T10:46:46.060+02:00  INFO 62452 --- [main] o.h.e.t.j.p.i.JtaPlatformInitiator       : HHH000489: No JTA platform available (set 'hibernate.transaction.jta.platform' to enable JTA platform integration)
2025-01-18T10:46:46.076+02:00  INFO 62452 --- [main] j.LocalContainerEntityManagerFactoryBean : Initialized JPA EntityManagerFactory for persistence unit 'default'
2025-01-18T10:46:46.259+02:00  INFO 62452 --- [main] o.s.main.student.StudentRepositoryTest   : Started StudentRepositoryTest in 1.542 seconds (process running for 2.188)
2025-01-18T10:46:46.548+02:00  INFO 62452 --- [SpringApplicationShutdownHook] j.LocalContainerEntityManagerFactoryBean : Closing JPA EntityManagerFactory for persistence unit 'default'
2025-01-18T10:49:24.890+02:00  INFO 62476 --- [main] o.s.main.student.StudentRepositoryTest   : Starting StudentRepositoryTest using Java 17.0.12 with PID 62476 (started by admin in /Users/admin/IdeaProjects/StudyManager)
2025-01-18T10:49:24.891+02:00  INFO 62476 --- [main] o.s.main.student.StudentRepositoryTest   : No active profile set, falling back to 1 default profile: "default"
2025-01-18T10:49:25.111+02:00  INFO 62476 --- [main] .s.d.r.c.RepositoryConfigurationDelegate : Bootstrapping Spring Data JPA repositories in DEFAULT mode.
2025-01-18T10:49:25.150+02:00  INFO 62476 --- [main] .s.d.r.c.RepositoryConfigurationDelegate : Finished Spring Data repository scanning in 34 ms. Found 2 JPA repository interfaces.
2025-01-18T10:49:25.178+02:00  INFO 62476 --- [main] beddedDataSourceBeanFactoryPostProcessor : Replacing 'dataSource' DataSource bean with embedded version
2025-01-18T10:49:25.245+02:00  INFO 62476 --- [main] o.s.j.d.e.EmbeddedDatabaseFactory        : Starting embedded database: url='jdbc:h2:mem:5bb47afa-b394-4f58-9b90-7982d91209bb;DB_CLOSE_DELAY=-1;DB_CLOSE_ON_EXIT=false', username='sa'
2025-01-18T10:49:25.382+02:00  INFO 62476 --- [main] o.hibernate.jpa.internal.util.LogHelper  : HHH000204: Processing PersistenceUnitInfo [name: default]
2025-01-18T10:49:25.405+02:00  INFO 62476 --- [main] org.hibernate.Version                    : HHH000412: Hibernate ORM core version 6.6.2.Final
2025-01-18T10:49:25.419+02:00  INFO 62476 --- [main] o.h.c.internal.RegionFactoryInitiator    : HHH000026: Second-level cache disabled
2025-01-18T10:49:25.529+02:00  INFO 62476 --- [main] o.s.o.j.p.SpringPersistenceUnitInfo      : No LoadTimeWeaver setup: ignoring JPA class transformer
2025-01-18T10:49:25.969+02:00  INFO 62476 --- [main] o.h.e.t.j.p.i.JtaPlatformInitiator       : HHH000489: No JTA platform available (set 'hibernate.transaction.jta.platform' to enable JTA platform integration)
2025-01-18T10:49:25.986+02:00  INFO 62476 --- [main] j.LocalContainerEntityManagerFactoryBean : Initialized JPA EntityManagerFactory for persistence unit 'default'
2025-01-18T10:49:26.150+02:00  INFO 62476 --- [main] o.s.main.student.StudentRepositoryTest   : Started StudentRepositoryTest in 1.506 seconds (process running for 2.116)
2025-01-18T10:49:26.429+02:00  INFO 62476 --- [SpringApplicationShutdownHook] j.LocalContainerEntityManagerFactoryBean : Closing JPA EntityManagerFactory for persistence unit 'default'
2025-01-18T10:50:58.572+02:00  INFO 62498 --- [main] o.s.main.student.StudentRepositoryTest   : Starting StudentRepositoryTest using Java 17.0.12 with PID 62498 (started by admin in /Users/admin/IdeaProjects/StudyManager)
2025-01-18T10:50:58.573+02:00  INFO 62498 --- [main] o.s.main.student.StudentRepositoryTest   : No active profile set, falling back to 1 default profile: "default"
2025-01-18T10:50:58.760+02:00  INFO 62498 --- [main] .s.d.r.c.RepositoryConfigurationDelegate : Bootstrapping Spring Data JPA repositories in DEFAULT mode.
2025-01-18T10:50:58.799+02:00  INFO 62498 --- [main] .s.d.r.c.RepositoryConfigurationDelegate : Finished Spring Data repository scanning in 33 ms. Found 2 JPA repository interfaces.
2025-01-18T10:50:58.825+02:00  INFO 62498 --- [main] beddedDataSourceBeanFactoryPostProcessor : Replacing 'dataSource' DataSource bean with embedded version
2025-01-18T10:50:58.892+02:00  INFO 62498 --- [main] o.s.j.d.e.EmbeddedDatabaseFactory        : Starting embedded database: url='jdbc:h2:mem:4a3f9d1d-2f57-44ae-8187-f26733d61507;DB_CLOSE_DELAY=-1;DB_CLOSE_ON_EXIT=false', username='sa'
2025-01-18T10:50:59.034+02:00  INFO 62498 --- [main] o.hibernate.jpa.internal.util.LogHelper  : HHH000204: Processing PersistenceUnitInfo [name: default]
2025-01-18T10:50:59.059+02:00  INFO 62498 --- [main] org.hibernate.Version                    : HHH000412: Hibernate ORM core version 6.6.2.Final
2025-01-18T10:50:59.072+02:00  INFO 62498 --- [main] o.h.c.internal.RegionFactoryInitiator    : HHH000026: Second-level cache disabled
2025-01-18T10:50:59.189+02:00  INFO 62498 --- [main] o.s.o.j.p.SpringPersistenceUnitInfo      : No LoadTimeWeaver setup: ignoring JPA class transformer
2025-01-18T10:50:59.648+02:00  INFO 62498 --- [main] o.h.e.t.j.p.i.JtaPlatformInitiator       : HHH000489: No JTA platform available (set 'hibernate.transaction.jta.platform' to enable JTA platform integration)
2025-01-18T10:50:59.663+02:00  INFO 62498 --- [main] j.LocalContainerEntityManagerFactoryBean : Initialized JPA EntityManagerFactory for persistence unit 'default'
2025-01-18T10:50:59.823+02:00  INFO 62498 --- [main] o.s.main.student.StudentRepositoryTest   : Started StudentRepositoryTest in 1.427 seconds (process running for 2.051)
2025-01-18T10:51:00.102+02:00  INFO 62498 --- [SpringApplicationShutdownHook] j.LocalContainerEntityManagerFactoryBean : Closing JPA EntityManagerFactory for persistence unit 'default'
2025-01-18T11:01:21.351+02:00  INFO 62939 --- [main] o.s.main.student.StudentRepositoryTest   : Starting StudentRepositoryTest using Java 17.0.12 with PID 62939 (started by admin in /Users/admin/IdeaProjects/StudyManager)
2025-01-18T11:01:21.352+02:00  INFO 62939 --- [main] o.s.main.student.StudentRepositoryTest   : No active profile set, falling back to 1 default profile: "default"
2025-01-18T11:01:21.540+02:00  INFO 62939 --- [main] .s.d.r.c.RepositoryConfigurationDelegate : Bootstrapping Spring Data JPA repositories in DEFAULT mode.
2025-01-18T11:01:21.582+02:00  INFO 62939 --- [main] .s.d.r.c.RepositoryConfigurationDelegate : Finished Spring Data repository scanning in 36 ms. Found 2 JPA repository interfaces.
2025-01-18T11:01:21.609+02:00  INFO 62939 --- [main] beddedDataSourceBeanFactoryPostProcessor : Replacing 'dataSource' DataSource bean with embedded version
2025-01-18T11:01:21.678+02:00  INFO 62939 --- [main] o.s.j.d.e.EmbeddedDatabaseFactory        : Starting embedded database: url='jdbc:h2:mem:f02af095-6a3d-4bac-be98-4896dec54751;DB_CLOSE_DELAY=-1;DB_CLOSE_ON_EXIT=false', username='sa'
2025-01-18T11:01:21.820+02:00  INFO 62939 --- [main] o.hibernate.jpa.internal.util.LogHelper  : HHH000204: Processing PersistenceUnitInfo [name: default]
2025-01-18T11:01:21.846+02:00  INFO 62939 --- [main] org.hibernate.Version                    : HHH000412: Hibernate ORM core version 6.6.2.Final
2025-01-18T11:01:21.861+02:00  INFO 62939 --- [main] o.h.c.internal.RegionFactoryInitiator    : HHH000026: Second-level cache disabled
2025-01-18T11:01:21.976+02:00  INFO 62939 --- [main] o.s.o.j.p.SpringPersistenceUnitInfo      : No LoadTimeWeaver setup: ignoring JPA class transformer
2025-01-18T11:01:22.439+02:00  INFO 62939 --- [main] o.h.e.t.j.p.i.JtaPlatformInitiator       : HHH000489: No JTA platform available (set 'hibernate.transaction.jta.platform' to enable JTA platform integration)
2025-01-18T11:01:22.456+02:00  INFO 62939 --- [main] j.LocalContainerEntityManagerFactoryBean : Initialized JPA EntityManagerFactory for persistence unit 'default'
2025-01-18T11:01:22.621+02:00  INFO 62939 --- [main] o.s.main.student.StudentRepositoryTest   : Started StudentRepositoryTest in 1.453 seconds (process running for 2.082)
2025-01-18T11:01:22.902+02:00  INFO 62939 --- [SpringApplicationShutdownHook] j.LocalContainerEntityManagerFactoryBean : Closing JPA EntityManagerFactory for persistence unit 'default'
2025-01-18T11:17:04.236+02:00  INFO 63007 --- [main] o.s.main.student.StudentRepositoryTest   : Starting StudentRepositoryTest using Java 17.0.12 with PID 63007 (started by admin in /Users/admin/IdeaProjects/StudyManager)
2025-01-18T11:17:04.237+02:00  INFO 63007 --- [main] o.s.main.student.StudentRepositoryTest   : No active profile set, falling back to 1 default profile: "default"
2025-01-18T11:17:04.461+02:00  INFO 63007 --- [main] .s.d.r.c.RepositoryConfigurationDelegate : Bootstrapping Spring Data JPA repositories in DEFAULT mode.
2025-01-18T11:17:04.513+02:00  INFO 63007 --- [main] .s.d.r.c.RepositoryConfigurationDelegate : Finished Spring Data repository scanning in 44 ms. Found 2 JPA repository interfaces.
2025-01-18T11:17:04.543+02:00  INFO 63007 --- [main] beddedDataSourceBeanFactoryPostProcessor : Replacing 'dataSource' DataSource bean with embedded version
2025-01-18T11:17:04.620+02:00  INFO 63007 --- [main] o.s.j.d.e.EmbeddedDatabaseFactory        : Starting embedded database: url='jdbc:h2:mem:b0061aaf-5c20-4e84-a5da-be8f9e925eb4;DB_CLOSE_DELAY=-1;DB_CLOSE_ON_EXIT=false', username='sa'
2025-01-18T11:17:04.772+02:00  INFO 63007 --- [main] o.hibernate.jpa.internal.util.LogHelper  : HHH000204: Processing PersistenceUnitInfo [name: default]
2025-01-18T11:17:04.802+02:00  INFO 63007 --- [main] org.hibernate.Version                    : HHH000412: Hibernate ORM core version 6.6.2.Final
2025-01-18T11:17:04.817+02:00  INFO 63007 --- [main] o.h.c.internal.RegionFactoryInitiator    : HHH000026: Second-level cache disabled
2025-01-18T11:17:04.956+02:00  INFO 63007 --- [main] o.s.o.j.p.SpringPersistenceUnitInfo      : No LoadTimeWeaver setup: ignoring JPA class transformer
2025-01-18T11:17:05.432+02:00  INFO 63007 --- [main] o.h.e.t.j.p.i.JtaPlatformInitiator       : HHH000489: No JTA platform available (set 'hibernate.transaction.jta.platform' to enable JTA platform integration)
2025-01-18T11:17:05.447+02:00  INFO 63007 --- [main] j.LocalContainerEntityManagerFactoryBean : Initialized JPA EntityManagerFactory for persistence unit 'default'
2025-01-18T11:17:05.606+02:00  INFO 63007 --- [main] o.s.main.student.StudentRepositoryTest   : Started StudentRepositoryTest in 1.554 seconds (process running for 2.208)
2025-01-18T11:17:05.909+02:00  INFO 63007 --- [SpringApplicationShutdownHook] j.LocalContainerEntityManagerFactoryBean : Closing JPA EntityManagerFactory for persistence unit 'default'
2025-01-18T11:17:37.371+02:00  INFO 63021 --- [main] o.s.main.student.StudentRepositoryTest   : Starting StudentRepositoryTest using Java 17.0.12 with PID 63021 (started by admin in /Users/admin/IdeaProjects/StudyManager)
2025-01-18T11:17:37.372+02:00  INFO 63021 --- [main] o.s.main.student.StudentRepositoryTest   : No active profile set, falling back to 1 default profile: "default"
2025-01-18T11:17:37.590+02:00  INFO 63021 --- [main] .s.d.r.c.RepositoryConfigurationDelegate : Bootstrapping Spring Data JPA repositories in DEFAULT mode.
2025-01-18T11:17:37.631+02:00  INFO 63021 --- [main] .s.d.r.c.RepositoryConfigurationDelegate : Finished Spring Data repository scanning in 33 ms. Found 2 JPA repository interfaces.
2025-01-18T11:17:37.664+02:00  INFO 63021 --- [main] beddedDataSourceBeanFactoryPostProcessor : Replacing 'dataSource' DataSource bean with embedded version
2025-01-18T11:17:37.740+02:00  INFO 63021 --- [main] o.s.j.d.e.EmbeddedDatabaseFactory        : Starting embedded database: url='jdbc:h2:mem:44952459-fd22-4dfc-8060-37fc95515f13;DB_CLOSE_DELAY=-1;DB_CLOSE_ON_EXIT=false', username='sa'
2025-01-18T11:17:37.883+02:00  INFO 63021 --- [main] o.hibernate.jpa.internal.util.LogHelper  : HHH000204: Processing PersistenceUnitInfo [name: default]
2025-01-18T11:17:37.907+02:00  INFO 63021 --- [main] org.hibernate.Version                    : HHH000412: Hibernate ORM core version 6.6.2.Final
2025-01-18T11:17:37.920+02:00  INFO 63021 --- [main] o.h.c.internal.RegionFactoryInitiator    : HHH000026: Second-level cache disabled
2025-01-18T11:17:38.044+02:00  INFO 63021 --- [main] o.s.o.j.p.SpringPersistenceUnitInfo      : No LoadTimeWeaver setup: ignoring JPA class transformer
2025-01-18T11:17:38.486+02:00  INFO 63021 --- [main] o.h.e.t.j.p.i.JtaPlatformInitiator       : HHH000489: No JTA platform available (set 'hibernate.transaction.jta.platform' to enable JTA platform integration)
2025-01-18T11:17:38.501+02:00  INFO 63021 --- [main] j.LocalContainerEntityManagerFactoryBean : Initialized JPA EntityManagerFactory for persistence unit 'default'
2025-01-18T11:17:38.681+02:00  INFO 63021 --- [main] o.s.main.student.StudentRepositoryTest   : Started StudentRepositoryTest in 1.494 seconds (process running for 2.123)
2025-01-18T11:17:38.983+02:00  INFO 63021 --- [SpringApplicationShutdownHook] j.LocalContainerEntityManagerFactoryBean : Closing JPA EntityManagerFactory for persistence unit 'default'
2025-01-18T11:18:22.450+02:00  INFO 63038 --- [main] o.s.main.student.StudentRepositoryTest   : Starting StudentRepositoryTest using Java 17.0.12 with PID 63038 (started by admin in /Users/admin/IdeaProjects/StudyManager)
2025-01-18T11:18:22.451+02:00  INFO 63038 --- [main] o.s.main.student.StudentRepositoryTest   : No active profile set, falling back to 1 default profile: "default"
2025-01-18T11:18:22.645+02:00  INFO 63038 --- [main] .s.d.r.c.RepositoryConfigurationDelegate : Bootstrapping Spring Data JPA repositories in DEFAULT mode.
2025-01-18T11:18:22.685+02:00  INFO 63038 --- [main] .s.d.r.c.RepositoryConfigurationDelegate : Finished Spring Data repository scanning in 34 ms. Found 2 JPA repository interfaces.
2025-01-18T11:18:22.714+02:00  INFO 63038 --- [main] beddedDataSourceBeanFactoryPostProcessor : Replacing 'dataSource' DataSource bean with embedded version
2025-01-18T11:18:22.783+02:00  INFO 63038 --- [main] o.s.j.d.e.EmbeddedDatabaseFactory        : Starting embedded database: url='jdbc:h2:mem:08d1bd54-5c31-4660-9725-d55877170baf;DB_CLOSE_DELAY=-1;DB_CLOSE_ON_EXIT=false', username='sa'
2025-01-18T11:18:22.919+02:00  INFO 63038 --- [main] o.hibernate.jpa.internal.util.LogHelper  : HHH000204: Processing PersistenceUnitInfo [name: default]
2025-01-18T11:18:22.946+02:00  INFO 63038 --- [main] org.hibernate.Version                    : HHH000412: Hibernate ORM core version 6.6.2.Final
2025-01-18T11:18:22.961+02:00  INFO 63038 --- [main] o.h.c.internal.RegionFactoryInitiator    : HHH000026: Second-level cache disabled
2025-01-18T11:18:23.092+02:00  INFO 63038 --- [main] o.s.o.j.p.SpringPersistenceUnitInfo      : No LoadTimeWeaver setup: ignoring JPA class transformer
2025-01-18T11:18:23.556+02:00  INFO 63038 --- [main] o.h.e.t.j.p.i.JtaPlatformInitiator       : HHH000489: No JTA platform available (set 'hibernate.transaction.jta.platform' to enable JTA platform integration)
2025-01-18T11:18:23.571+02:00  INFO 63038 --- [main] j.LocalContainerEntityManagerFactoryBean : Initialized JPA EntityManagerFactory for persistence unit 'default'
2025-01-18T11:18:23.733+02:00  INFO 63038 --- [main] o.s.main.student.StudentRepositoryTest   : Started StudentRepositoryTest in 1.457 seconds (process running for 2.154)
2025-01-18T11:18:24.013+02:00  INFO 63038 --- [SpringApplicationShutdownHook] j.LocalContainerEntityManagerFactoryBean : Closing JPA EntityManagerFactory for persistence unit 'default'
2025-01-18T11:19:02.803+02:00  INFO 63056 --- [main] o.s.main.student.StudentRepositoryTest   : Starting StudentRepositoryTest using Java 17.0.12 with PID 63056 (started by admin in /Users/admin/IdeaProjects/StudyManager)
2025-01-18T11:19:02.804+02:00  INFO 63056 --- [main] o.s.main.student.StudentRepositoryTest   : No active profile set, falling back to 1 default profile: "default"
2025-01-18T11:19:02.979+02:00  INFO 63056 --- [main] .s.d.r.c.RepositoryConfigurationDelegate : Bootstrapping Spring Data JPA repositories in DEFAULT mode.
2025-01-18T11:19:03.019+02:00  INFO 63056 --- [main] .s.d.r.c.RepositoryConfigurationDelegate : Finished Spring Data repository scanning in 34 ms. Found 2 JPA repository interfaces.
2025-01-18T11:19:03.048+02:00  INFO 63056 --- [main] beddedDataSourceBeanFactoryPostProcessor : Replacing 'dataSource' DataSource bean with embedded version
2025-01-18T11:19:03.114+02:00  INFO 63056 --- [main] o.s.j.d.e.EmbeddedDatabaseFactory        : Starting embedded database: url='jdbc:h2:mem:086e4f33-4e9b-4821-a32c-6454dd227f7a;DB_CLOSE_DELAY=-1;DB_CLOSE_ON_EXIT=false', username='sa'
2025-01-18T11:19:03.261+02:00  INFO 63056 --- [main] o.hibernate.jpa.internal.util.LogHelper  : HHH000204: Processing PersistenceUnitInfo [name: default]
2025-01-18T11:19:03.284+02:00  INFO 63056 --- [main] org.hibernate.Version                    : HHH000412: Hibernate ORM core version 6.6.2.Final
2025-01-18T11:19:03.297+02:00  INFO 63056 --- [main] o.h.c.internal.RegionFactoryInitiator    : HHH000026: Second-level cache disabled
2025-01-18T11:19:03.408+02:00  INFO 63056 --- [main] o.s.o.j.p.SpringPersistenceUnitInfo      : No LoadTimeWeaver setup: ignoring JPA class transformer
2025-01-18T11:19:03.864+02:00  INFO 63056 --- [main] o.h.e.t.j.p.i.JtaPlatformInitiator       : HHH000489: No JTA platform available (set 'hibernate.transaction.jta.platform' to enable JTA platform integration)
2025-01-18T11:19:03.882+02:00  INFO 63056 --- [main] j.LocalContainerEntityManagerFactoryBean : Initialized JPA EntityManagerFactory for persistence unit 'default'
2025-01-18T11:19:04.040+02:00  INFO 63056 --- [main] o.s.main.student.StudentRepositoryTest   : Started StudentRepositoryTest in 1.412 seconds (process running for 2.019)
2025-01-18T11:19:04.313+02:00  INFO 63056 --- [SpringApplicationShutdownHook] j.LocalContainerEntityManagerFactoryBean : Closing JPA EntityManagerFactory for persistence unit 'default'
2025-01-18T11:19:37.047+02:00  INFO 63068 --- [main] o.s.main.student.StudentRepositoryTest   : Starting StudentRepositoryTest using Java 17.0.12 with PID 63068 (started by admin in /Users/admin/IdeaProjects/StudyManager)
2025-01-18T11:19:37.047+02:00  INFO 63068 --- [main] o.s.main.student.StudentRepositoryTest   : No active profile set, falling back to 1 default profile: "default"
2025-01-18T11:19:37.232+02:00  INFO 63068 --- [main] .s.d.r.c.RepositoryConfigurationDelegate : Bootstrapping Spring Data JPA repositories in DEFAULT mode.
2025-01-18T11:19:37.270+02:00  INFO 63068 --- [main] .s.d.r.c.RepositoryConfigurationDelegate : Finished Spring Data repository scanning in 33 ms. Found 2 JPA repository interfaces.
2025-01-18T11:19:37.298+02:00  INFO 63068 --- [main] beddedDataSourceBeanFactoryPostProcessor : Replacing 'dataSource' DataSource bean with embedded version
2025-01-18T11:19:37.364+02:00  INFO 63068 --- [main] o.s.j.d.e.EmbeddedDatabaseFactory        : Starting embedded database: url='jdbc:h2:mem:7296269d-67a8-4e1e-84c2-26772968c0c9;DB_CLOSE_DELAY=-1;DB_CLOSE_ON_EXIT=false', username='sa'
2025-01-18T11:19:37.502+02:00  INFO 63068 --- [main] o.hibernate.jpa.internal.util.LogHelper  : HHH000204: Processing PersistenceUnitInfo [name: default]
2025-01-18T11:19:37.527+02:00  INFO 63068 --- [main] org.hibernate.Version                    : HHH000412: Hibernate ORM core version 6.6.2.Final
2025-01-18T11:19:37.541+02:00  INFO 63068 --- [main] o.h.c.internal.RegionFactoryInitiator    : HHH000026: Second-level cache disabled
2025-01-18T11:19:37.651+02:00  INFO 63068 --- [main] o.s.o.j.p.SpringPersistenceUnitInfo      : No LoadTimeWeaver setup: ignoring JPA class transformer
2025-01-18T11:19:38.085+02:00  INFO 63068 --- [main] o.h.e.t.j.p.i.JtaPlatformInitiator       : HHH000489: No JTA platform available (set 'hibernate.transaction.jta.platform' to enable JTA platform integration)
2025-01-18T11:19:38.111+02:00  INFO 63068 --- [main] j.LocalContainerEntityManagerFactoryBean : Initialized JPA EntityManagerFactory for persistence unit 'default'
2025-01-18T11:19:38.270+02:00  INFO 63068 --- [main] o.s.main.student.StudentRepositoryTest   : Started StudentRepositoryTest in 1.392 seconds (process running for 2.007)
2025-01-18T11:19:38.547+02:00  INFO 63068 --- [SpringApplicationShutdownHook] j.LocalContainerEntityManagerFactoryBean : Closing JPA EntityManagerFactory for persistence unit 'default'
2025-01-18T11:20:41.347+02:00  INFO 63096 --- [main] o.s.main.student.StudentRepositoryTest   : Starting StudentRepositoryTest using Java 17.0.12 with PID 63096 (started by admin in /Users/admin/IdeaProjects/StudyManager)
2025-01-18T11:20:41.347+02:00  INFO 63096 --- [main] o.s.main.student.StudentRepositoryTest   : No active profile set, falling back to 1 default profile: "default"
2025-01-18T11:20:41.531+02:00  INFO 63096 --- [main] .s.d.r.c.RepositoryConfigurationDelegate : Bootstrapping Spring Data JPA repositories in DEFAULT mode.
2025-01-18T11:20:41.573+02:00  INFO 63096 --- [main] .s.d.r.c.RepositoryConfigurationDelegate : Finished Spring Data repository scanning in 36 ms. Found 2 JPA repository interfaces.
2025-01-18T11:20:41.601+02:00  INFO 63096 --- [main] beddedDataSourceBeanFactoryPostProcessor : Replacing 'dataSource' DataSource bean with embedded version
2025-01-18T11:20:41.669+02:00  INFO 63096 --- [main] o.s.j.d.e.EmbeddedDatabaseFactory        : Starting embedded database: url='jdbc:h2:mem:c7723573-af76-40a3-bb7c-0e3061afdee2;DB_CLOSE_DELAY=-1;DB_CLOSE_ON_EXIT=false', username='sa'
2025-01-18T11:20:41.804+02:00  INFO 63096 --- [main] o.hibernate.jpa.internal.util.LogHelper  : HHH000204: Processing PersistenceUnitInfo [name: default]
2025-01-18T11:20:41.830+02:00  INFO 63096 --- [main] org.hibernate.Version                    : HHH000412: Hibernate ORM core version 6.6.2.Final
2025-01-18T11:20:41.843+02:00  INFO 63096 --- [main] o.h.c.internal.RegionFactoryInitiator    : HHH000026: Second-level cache disabled
2025-01-18T11:20:41.949+02:00  INFO 63096 --- [main] o.s.o.j.p.SpringPersistenceUnitInfo      : No LoadTimeWeaver setup: ignoring JPA class transformer
2025-01-18T11:20:42.395+02:00  INFO 63096 --- [main] o.h.e.t.j.p.i.JtaPlatformInitiator       : HHH000489: No JTA platform available (set 'hibernate.transaction.jta.platform' to enable JTA platform integration)
2025-01-18T11:20:42.412+02:00  INFO 63096 --- [main] j.LocalContainerEntityManagerFactoryBean : Initialized JPA EntityManagerFactory for persistence unit 'default'
2025-01-18T11:20:42.566+02:00  INFO 63096 --- [main] o.s.main.student.StudentRepositoryTest   : Started StudentRepositoryTest in 1.395 seconds (process running for 1.998)
2025-01-18T11:20:42.836+02:00  INFO 63096 --- [SpringApplicationShutdownHook] j.LocalContainerEntityManagerFactoryBean : Closing JPA EntityManagerFactory for persistence unit 'default'
2025-01-18T11:23:14.695+02:00  INFO 63144 --- [main] o.s.main.student.StudentRepositoryTest   : Starting StudentRepositoryTest using Java 17.0.12 with PID 63144 (started by admin in /Users/admin/IdeaProjects/StudyManager)
2025-01-18T11:23:14.696+02:00  INFO 63144 --- [main] o.s.main.student.StudentRepositoryTest   : No active profile set, falling back to 1 default profile: "default"
2025-01-18T11:23:14.876+02:00  INFO 63144 --- [main] .s.d.r.c.RepositoryConfigurationDelegate : Bootstrapping Spring Data JPA repositories in DEFAULT mode.
2025-01-18T11:23:14.915+02:00  INFO 63144 --- [main] .s.d.r.c.RepositoryConfigurationDelegate : Finished Spring Data repository scanning in 33 ms. Found 2 JPA repository interfaces.
2025-01-18T11:23:14.944+02:00  INFO 63144 --- [main] beddedDataSourceBeanFactoryPostProcessor : Replacing 'dataSource' DataSource bean with embedded version
2025-01-18T11:23:15.016+02:00  INFO 63144 --- [main] o.s.j.d.e.EmbeddedDatabaseFactory        : Starting embedded database: url='jdbc:h2:mem:4f0f1ef4-f419-468f-90bd-bb4652ac55a8;DB_CLOSE_DELAY=-1;DB_CLOSE_ON_EXIT=false', username='sa'
2025-01-18T11:23:15.154+02:00  INFO 63144 --- [main] o.hibernate.jpa.internal.util.LogHelper  : HHH000204: Processing PersistenceUnitInfo [name: default]
2025-01-18T11:23:15.178+02:00  INFO 63144 --- [main] org.hibernate.Version                    : HHH000412: Hibernate ORM core version 6.6.2.Final
2025-01-18T11:23:15.192+02:00  INFO 63144 --- [main] o.h.c.internal.RegionFactoryInitiator    : HHH000026: Second-level cache disabled
2025-01-18T11:23:15.296+02:00  INFO 63144 --- [main] o.s.o.j.p.SpringPersistenceUnitInfo      : No LoadTimeWeaver setup: ignoring JPA class transformer
2025-01-18T11:23:15.737+02:00  INFO 63144 --- [main] o.h.e.t.j.p.i.JtaPlatformInitiator       : HHH000489: No JTA platform available (set 'hibernate.transaction.jta.platform' to enable JTA platform integration)
2025-01-18T11:23:15.758+02:00  INFO 63144 --- [main] j.LocalContainerEntityManagerFactoryBean : Initialized JPA EntityManagerFactory for persistence unit 'default'
2025-01-18T11:23:15.911+02:00  INFO 63144 --- [main] o.s.main.student.StudentRepositoryTest   : Started StudentRepositoryTest in 1.387 seconds (process running for 1.987)
2025-01-18T11:23:16.189+02:00  INFO 63144 --- [SpringApplicationShutdownHook] j.LocalContainerEntityManagerFactoryBean : Closing JPA EntityManagerFactory for persistence unit 'default'
2025-01-18T11:24:05.343+02:00  INFO 63170 --- [main] o.s.main.student.StudentRepositoryTest   : Starting StudentRepositoryTest using Java 17.0.12 with PID 63170 (started by admin in /Users/admin/IdeaProjects/StudyManager)
2025-01-18T11:24:05.343+02:00  INFO 63170 --- [main] o.s.main.student.StudentRepositoryTest   : No active profile set, falling back to 1 default profile: "default"
2025-01-18T11:24:05.601+02:00  INFO 63170 --- [main] .s.d.r.c.RepositoryConfigurationDelegate : Bootstrapping Spring Data JPA repositories in DEFAULT mode.
2025-01-18T11:24:05.642+02:00  INFO 63170 --- [main] .s.d.r.c.RepositoryConfigurationDelegate : Finished Spring Data repository scanning in 36 ms. Found 2 JPA repository interfaces.
2025-01-18T11:24:05.672+02:00  INFO 63170 --- [main] beddedDataSourceBeanFactoryPostProcessor : Replacing 'dataSource' DataSource bean with embedded version
2025-01-18T11:24:05.760+02:00  INFO 63170 --- [main] o.s.j.d.e.EmbeddedDatabaseFactory        : Starting embedded database: url='jdbc:h2:mem:47632f11-ad54-4afb-9e70-09ca80138cad;DB_CLOSE_DELAY=-1;DB_CLOSE_ON_EXIT=false', username='sa'
2025-01-18T11:24:05.886+02:00  INFO 63170 --- [main] o.hibernate.jpa.internal.util.LogHelper  : HHH000204: Processing PersistenceUnitInfo [name: default]
2025-01-18T11:24:05.910+02:00  INFO 63170 --- [main] org.hibernate.Version                    : HHH000412: Hibernate ORM core version 6.6.2.Final
2025-01-18T11:24:05.923+02:00  INFO 63170 --- [main] o.h.c.internal.RegionFactoryInitiator    : HHH000026: Second-level cache disabled
2025-01-18T11:24:06.038+02:00  INFO 63170 --- [main] o.s.o.j.p.SpringPersistenceUnitInfo      : No LoadTimeWeaver setup: ignoring JPA class transformer
2025-01-18T11:24:06.489+02:00  INFO 63170 --- [main] o.h.e.t.j.p.i.JtaPlatformInitiator       : HHH000489: No JTA platform available (set 'hibernate.transaction.jta.platform' to enable JTA platform integration)
2025-01-18T11:24:06.505+02:00  INFO 63170 --- [main] j.LocalContainerEntityManagerFactoryBean : Initialized JPA EntityManagerFactory for persistence unit 'default'
2025-01-18T11:24:06.680+02:00  INFO 63170 --- [main] o.s.main.student.StudentRepositoryTest   : Started StudentRepositoryTest in 1.516 seconds (process running for 2.169)
2025-01-18T11:24:06.978+02:00  INFO 63170 --- [SpringApplicationShutdownHook] j.LocalContainerEntityManagerFactoryBean : Closing JPA EntityManagerFactory for persistence unit 'default'
2025-01-18T11:24:12.133+02:00  INFO 63180 --- [main] o.s.main.student.StudentRepositoryTest   : Starting StudentRepositoryTest using Java 17.0.12 with PID 63180 (started by admin in /Users/admin/IdeaProjects/StudyManager)
2025-01-18T11:24:12.133+02:00  INFO 63180 --- [main] o.s.main.student.StudentRepositoryTest   : No active profile set, falling back to 1 default profile: "default"
2025-01-18T11:24:12.369+02:00  INFO 63180 --- [main] .s.d.r.c.RepositoryConfigurationDelegate : Bootstrapping Spring Data JPA repositories in DEFAULT mode.
2025-01-18T11:24:12.418+02:00  INFO 63180 --- [main] .s.d.r.c.RepositoryConfigurationDelegate : Finished Spring Data repository scanning in 43 ms. Found 2 JPA repository interfaces.
2025-01-18T11:24:12.446+02:00  INFO 63180 --- [main] beddedDataSourceBeanFactoryPostProcessor : Replacing 'dataSource' DataSource bean with embedded version
2025-01-18T11:24:12.521+02:00  INFO 63180 --- [main] o.s.j.d.e.EmbeddedDatabaseFactory        : Starting embedded database: url='jdbc:h2:mem:cca0e737-2094-4d8a-a00d-bfacb1e26333;DB_CLOSE_DELAY=-1;DB_CLOSE_ON_EXIT=false', username='sa'
2025-01-18T11:24:12.664+02:00  INFO 63180 --- [main] o.hibernate.jpa.internal.util.LogHelper  : HHH000204: Processing PersistenceUnitInfo [name: default]
2025-01-18T11:24:12.687+02:00  INFO 63180 --- [main] org.hibernate.Version                    : HHH000412: Hibernate ORM core version 6.6.2.Final
2025-01-18T11:24:12.701+02:00  INFO 63180 --- [main] o.h.c.internal.RegionFactoryInitiator    : HHH000026: Second-level cache disabled
2025-01-18T11:24:12.816+02:00  INFO 63180 --- [main] o.s.o.j.p.SpringPersistenceUnitInfo      : No LoadTimeWeaver setup: ignoring JPA class transformer
2025-01-18T11:24:13.311+02:00  INFO 63180 --- [main] o.h.e.t.j.p.i.JtaPlatformInitiator       : HHH000489: No JTA platform available (set 'hibernate.transaction.jta.platform' to enable JTA platform integration)
2025-01-18T11:24:13.326+02:00  INFO 63180 --- [main] j.LocalContainerEntityManagerFactoryBean : Initialized JPA EntityManagerFactory for persistence unit 'default'
2025-01-18T11:24:13.491+02:00  INFO 63180 --- [main] o.s.main.student.StudentRepositoryTest   : Started StudentRepositoryTest in 1.542 seconds (process running for 2.201)
2025-01-18T11:24:13.784+02:00  INFO 63180 --- [SpringApplicationShutdownHook] j.LocalContainerEntityManagerFactoryBean : Closing JPA EntityManagerFactory for persistence unit 'default'
2025-01-18T11:24:18.134+02:00  INFO 63191 --- [main] o.s.main.student.StudentRepositoryTest   : Starting StudentRepositoryTest using Java 17.0.12 with PID 63191 (started by admin in /Users/admin/IdeaProjects/StudyManager)
2025-01-18T11:24:18.134+02:00  INFO 63191 --- [main] o.s.main.student.StudentRepositoryTest   : No active profile set, falling back to 1 default profile: "default"
2025-01-18T11:24:18.305+02:00  INFO 63191 --- [main] .s.d.r.c.RepositoryConfigurationDelegate : Bootstrapping Spring Data JPA repositories in DEFAULT mode.
2025-01-18T11:24:18.347+02:00  INFO 63191 --- [main] .s.d.r.c.RepositoryConfigurationDelegate : Finished Spring Data repository scanning in 38 ms. Found 2 JPA repository interfaces.
2025-01-18T11:24:18.375+02:00  INFO 63191 --- [main] beddedDataSourceBeanFactoryPostProcessor : Replacing 'dataSource' DataSource bean with embedded version
2025-01-18T11:24:18.446+02:00  INFO 63191 --- [main] o.s.j.d.e.EmbeddedDatabaseFactory        : Starting embedded database: url='jdbc:h2:mem:acd183b1-5225-4272-b5ab-7314c3d43d38;DB_CLOSE_DELAY=-1;DB_CLOSE_ON_EXIT=false', username='sa'
2025-01-18T11:24:18.597+02:00  INFO 63191 --- [main] o.hibernate.jpa.internal.util.LogHelper  : HHH000204: Processing PersistenceUnitInfo [name: default]
2025-01-18T11:24:18.623+02:00  INFO 63191 --- [main] org.hibernate.Version                    : HHH000412: Hibernate ORM core version 6.6.2.Final
2025-01-18T11:24:18.639+02:00  INFO 63191 --- [main] o.h.c.internal.RegionFactoryInitiator    : HHH000026: Second-level cache disabled
2025-01-18T11:24:18.769+02:00  INFO 63191 --- [main] o.s.o.j.p.SpringPersistenceUnitInfo      : No LoadTimeWeaver setup: ignoring JPA class transformer
2025-01-18T11:24:19.219+02:00  INFO 63191 --- [main] o.h.e.t.j.p.i.JtaPlatformInitiator       : HHH000489: No JTA platform available (set 'hibernate.transaction.jta.platform' to enable JTA platform integration)
2025-01-18T11:24:19.236+02:00  INFO 63191 --- [main] j.LocalContainerEntityManagerFactoryBean : Initialized JPA EntityManagerFactory for persistence unit 'default'
2025-01-18T11:24:19.395+02:00  INFO 63191 --- [main] o.s.main.student.StudentRepositoryTest   : Started StudentRepositoryTest in 1.428 seconds (process running for 2.034)
2025-01-18T11:24:19.663+02:00  INFO 63191 --- [SpringApplicationShutdownHook] j.LocalContainerEntityManagerFactoryBean : Closing JPA EntityManagerFactory for persistence unit 'default'
2025-01-18T11:27:05.435+02:00  INFO 63230 --- [main] o.s.main.student.StudentRepositoryTest   : Starting StudentRepositoryTest using Java 17.0.12 with PID 63230 (started by admin in /Users/admin/IdeaProjects/StudyManager)
2025-01-18T11:27:05.436+02:00  INFO 63230 --- [main] o.s.main.student.StudentRepositoryTest   : No active profile set, falling back to 1 default profile: "default"
2025-01-18T11:27:05.659+02:00  INFO 63230 --- [main] .s.d.r.c.RepositoryConfigurationDelegate : Bootstrapping Spring Data JPA repositories in DEFAULT mode.
2025-01-18T11:27:05.698+02:00  INFO 63230 --- [main] .s.d.r.c.RepositoryConfigurationDelegate : Finished Spring Data repository scanning in 33 ms. Found 2 JPA repository interfaces.
2025-01-18T11:27:05.724+02:00  INFO 63230 --- [main] beddedDataSourceBeanFactoryPostProcessor : Replacing 'dataSource' DataSource bean with embedded version
2025-01-18T11:27:05.798+02:00  INFO 63230 --- [main] o.s.j.d.e.EmbeddedDatabaseFactory        : Starting embedded database: url='jdbc:h2:mem:8afcf066-a77b-4492-a8b7-2a4ca62488bf;DB_CLOSE_DELAY=-1;DB_CLOSE_ON_EXIT=false', username='sa'
2025-01-18T11:27:05.936+02:00  INFO 63230 --- [main] o.hibernate.jpa.internal.util.LogHelper  : HHH000204: Processing PersistenceUnitInfo [name: default]
2025-01-18T11:27:05.961+02:00  INFO 63230 --- [main] org.hibernate.Version                    : HHH000412: Hibernate ORM core version 6.6.2.Final
2025-01-18T11:27:05.975+02:00  INFO 63230 --- [main] o.h.c.internal.RegionFactoryInitiator    : HHH000026: Second-level cache disabled
2025-01-18T11:27:06.089+02:00  INFO 63230 --- [main] o.s.o.j.p.SpringPersistenceUnitInfo      : No LoadTimeWeaver setup: ignoring JPA class transformer
2025-01-18T11:27:06.587+02:00  INFO 63230 --- [main] o.h.e.t.j.p.i.JtaPlatformInitiator       : HHH000489: No JTA platform available (set 'hibernate.transaction.jta.platform' to enable JTA platform integration)
2025-01-18T11:27:06.604+02:00  INFO 63230 --- [main] j.LocalContainerEntityManagerFactoryBean : Initialized JPA EntityManagerFactory for persistence unit 'default'
2025-01-18T11:27:06.755+02:00  INFO 63230 --- [main] o.s.main.student.StudentRepositoryTest   : Started StudentRepositoryTest in 1.498 seconds (process running for 2.144)
2025-01-18T11:27:07.024+02:00  INFO 63230 --- [SpringApplicationShutdownHook] j.LocalContainerEntityManagerFactoryBean : Closing JPA EntityManagerFactory for persistence unit 'default'
2025-01-18T11:28:19.470+02:00  INFO 63252 --- [main] o.s.main.student.StudentRepositoryTest   : Starting StudentRepositoryTest using Java 17.0.12 with PID 63252 (started by admin in /Users/admin/IdeaProjects/StudyManager)
2025-01-18T11:28:19.471+02:00  INFO 63252 --- [main] o.s.main.student.StudentRepositoryTest   : No active profile set, falling back to 1 default profile: "default"
2025-01-18T11:28:19.647+02:00  INFO 63252 --- [main] .s.d.r.c.RepositoryConfigurationDelegate : Bootstrapping Spring Data JPA repositories in DEFAULT mode.
2025-01-18T11:28:19.686+02:00  INFO 63252 --- [main] .s.d.r.c.RepositoryConfigurationDelegate : Finished Spring Data repository scanning in 33 ms. Found 2 JPA repository interfaces.
2025-01-18T11:28:19.716+02:00  INFO 63252 --- [main] beddedDataSourceBeanFactoryPostProcessor : Replacing 'dataSource' DataSource bean with embedded version
2025-01-18T11:28:19.794+02:00  INFO 63252 --- [main] o.s.j.d.e.EmbeddedDatabaseFactory        : Starting embedded database: url='jdbc:h2:mem:a6a4184f-731e-44cd-b3a7-1a2389d1e559;DB_CLOSE_DELAY=-1;DB_CLOSE_ON_EXIT=false', username='sa'
2025-01-18T11:28:19.933+02:00  INFO 63252 --- [main] o.hibernate.jpa.internal.util.LogHelper  : HHH000204: Processing PersistenceUnitInfo [name: default]
2025-01-18T11:28:19.955+02:00  INFO 63252 --- [main] org.hibernate.Version                    : HHH000412: Hibernate ORM core version 6.6.2.Final
2025-01-18T11:28:19.970+02:00  INFO 63252 --- [main] o.h.c.internal.RegionFactoryInitiator    : HHH000026: Second-level cache disabled
2025-01-18T11:28:20.088+02:00  INFO 63252 --- [main] o.s.o.j.p.SpringPersistenceUnitInfo      : No LoadTimeWeaver setup: ignoring JPA class transformer
2025-01-18T11:28:20.525+02:00  INFO 63252 --- [main] o.h.e.t.j.p.i.JtaPlatformInitiator       : HHH000489: No JTA platform available (set 'hibernate.transaction.jta.platform' to enable JTA platform integration)
2025-01-18T11:28:20.542+02:00  INFO 63252 --- [main] j.LocalContainerEntityManagerFactoryBean : Initialized JPA EntityManagerFactory for persistence unit 'default'
2025-01-18T11:28:20.713+02:00  INFO 63252 --- [main] o.s.main.student.StudentRepositoryTest   : Started StudentRepositoryTest in 1.42 seconds (process running for 2.019)
2025-01-18T11:28:21.005+02:00  INFO 63252 --- [SpringApplicationShutdownHook] j.LocalContainerEntityManagerFactoryBean : Closing JPA EntityManagerFactory for persistence unit 'default'
2025-01-18T11:30:43.281+02:00  INFO 63277 --- [main] o.s.main.student.StudentRepositoryTest   : Starting StudentRepositoryTest using Java 17.0.12 with PID 63277 (started by admin in /Users/admin/IdeaProjects/StudyManager)
2025-01-18T11:30:43.282+02:00  INFO 63277 --- [main] o.s.main.student.StudentRepositoryTest   : No active profile set, falling back to 1 default profile: "default"
2025-01-18T11:30:43.529+02:00  INFO 63277 --- [main] .s.d.r.c.RepositoryConfigurationDelegate : Bootstrapping Spring Data JPA repositories in DEFAULT mode.
2025-01-18T11:30:43.568+02:00  INFO 63277 --- [main] .s.d.r.c.RepositoryConfigurationDelegate : Finished Spring Data repository scanning in 33 ms. Found 2 JPA repository interfaces.
2025-01-18T11:30:43.597+02:00  INFO 63277 --- [main] beddedDataSourceBeanFactoryPostProcessor : Replacing 'dataSource' DataSource bean with embedded version
2025-01-18T11:30:43.675+02:00  INFO 63277 --- [main] o.s.j.d.e.EmbeddedDatabaseFactory        : Starting embedded database: url='jdbc:h2:mem:f84b733f-3d52-4d21-825a-e19b5fc27fcc;DB_CLOSE_DELAY=-1;DB_CLOSE_ON_EXIT=false', username='sa'
2025-01-18T11:30:43.815+02:00  INFO 63277 --- [main] o.hibernate.jpa.internal.util.LogHelper  : HHH000204: Processing PersistenceUnitInfo [name: default]
2025-01-18T11:30:43.842+02:00  INFO 63277 --- [main] org.hibernate.Version                    : HHH000412: Hibernate ORM core version 6.6.2.Final
2025-01-18T11:30:43.855+02:00  INFO 63277 --- [main] o.h.c.internal.RegionFactoryInitiator    : HHH000026: Second-level cache disabled
2025-01-18T11:30:43.982+02:00  INFO 63277 --- [main] o.s.o.j.p.SpringPersistenceUnitInfo      : No LoadTimeWeaver setup: ignoring JPA class transformer
2025-01-18T11:30:44.428+02:00  INFO 63277 --- [main] o.h.e.t.j.p.i.JtaPlatformInitiator       : HHH000489: No JTA platform available (set 'hibernate.transaction.jta.platform' to enable JTA platform integration)
2025-01-18T11:30:44.443+02:00  INFO 63277 --- [main] j.LocalContainerEntityManagerFactoryBean : Initialized JPA EntityManagerFactory for persistence unit 'default'
2025-01-18T11:30:44.611+02:00  INFO 63277 --- [main] o.s.main.student.StudentRepositoryTest   : Started StudentRepositoryTest in 1.522 seconds (process running for 2.171)
2025-01-18T11:30:44.906+02:00  INFO 63277 --- [SpringApplicationShutdownHook] j.LocalContainerEntityManagerFactoryBean : Closing JPA EntityManagerFactory for persistence unit 'default'
2025-01-18T11:34:15.357+02:00  INFO 63324 --- [main] o.s.main.student.StudentRepositoryTest   : Starting StudentRepositoryTest using Java 17.0.12 with PID 63324 (started by admin in /Users/admin/IdeaProjects/StudyManager)
2025-01-18T11:34:15.358+02:00  INFO 63324 --- [main] o.s.main.student.StudentRepositoryTest   : No active profile set, falling back to 1 default profile: "default"
2025-01-18T11:34:15.586+02:00  INFO 63324 --- [main] .s.d.r.c.RepositoryConfigurationDelegate : Bootstrapping Spring Data JPA repositories in DEFAULT mode.
2025-01-18T11:34:15.625+02:00  INFO 63324 --- [main] .s.d.r.c.RepositoryConfigurationDelegate : Finished Spring Data repository scanning in 32 ms. Found 2 JPA repository interfaces.
2025-01-18T11:34:15.655+02:00  INFO 63324 --- [main] beddedDataSourceBeanFactoryPostProcessor : Replacing 'dataSource' DataSource bean with embedded version
2025-01-18T11:34:15.727+02:00  INFO 63324 --- [main] o.s.j.d.e.EmbeddedDatabaseFactory        : Starting embedded database: url='jdbc:h2:mem:da137727-bbab-4374-a232-49edafc11fc3;DB_CLOSE_DELAY=-1;DB_CLOSE_ON_EXIT=false', username='sa'
2025-01-18T11:34:15.861+02:00  INFO 63324 --- [main] o.hibernate.jpa.internal.util.LogHelper  : HHH000204: Processing PersistenceUnitInfo [name: default]
2025-01-18T11:34:15.884+02:00  INFO 63324 --- [main] org.hibernate.Version                    : HHH000412: Hibernate ORM core version 6.6.2.Final
2025-01-18T11:34:15.898+02:00  INFO 63324 --- [main] o.h.c.internal.RegionFactoryInitiator    : HHH000026: Second-level cache disabled
2025-01-18T11:34:16.011+02:00  INFO 63324 --- [main] o.s.o.j.p.SpringPersistenceUnitInfo      : No LoadTimeWeaver setup: ignoring JPA class transformer
2025-01-18T11:34:16.455+02:00  INFO 63324 --- [main] o.h.e.t.j.p.i.JtaPlatformInitiator       : HHH000489: No JTA platform available (set 'hibernate.transaction.jta.platform' to enable JTA platform integration)
2025-01-18T11:34:16.470+02:00  INFO 63324 --- [main] j.LocalContainerEntityManagerFactoryBean : Initialized JPA EntityManagerFactory for persistence unit 'default'
2025-01-18T11:34:16.641+02:00  INFO 63324 --- [main] o.s.main.student.StudentRepositoryTest   : Started StudentRepositoryTest in 1.463 seconds (process running for 2.127)
2025-01-18T11:34:16.931+02:00  INFO 63324 --- [SpringApplicationShutdownHook] j.LocalContainerEntityManagerFactoryBean : Closing JPA EntityManagerFactory for persistence unit 'default'
2025-01-18T11:34:37.952+02:00  INFO 63336 --- [main] o.s.main.student.StudentRepositoryTest   : Starting StudentRepositoryTest using Java 17.0.12 with PID 63336 (started by admin in /Users/admin/IdeaProjects/StudyManager)
2025-01-18T11:34:37.953+02:00  INFO 63336 --- [main] o.s.main.student.StudentRepositoryTest   : No active profile set, falling back to 1 default profile: "default"
2025-01-18T11:34:38.194+02:00  INFO 63336 --- [main] .s.d.r.c.RepositoryConfigurationDelegate : Bootstrapping Spring Data JPA repositories in DEFAULT mode.
2025-01-18T11:34:38.236+02:00  INFO 63336 --- [main] .s.d.r.c.RepositoryConfigurationDelegate : Finished Spring Data repository scanning in 36 ms. Found 2 JPA repository interfaces.
2025-01-18T11:34:38.266+02:00  INFO 63336 --- [main] beddedDataSourceBeanFactoryPostProcessor : Replacing 'dataSource' DataSource bean with embedded version
2025-01-18T11:34:38.334+02:00  INFO 63336 --- [main] o.s.j.d.e.EmbeddedDatabaseFactory        : Starting embedded database: url='jdbc:h2:mem:80e37d72-d017-4f16-9aee-1beb079cb026;DB_CLOSE_DELAY=-1;DB_CLOSE_ON_EXIT=false', username='sa'
2025-01-18T11:34:38.477+02:00  INFO 63336 --- [main] o.hibernate.jpa.internal.util.LogHelper  : HHH000204: Processing PersistenceUnitInfo [name: default]
2025-01-18T11:34:38.503+02:00  INFO 63336 --- [main] org.hibernate.Version                    : HHH000412: Hibernate ORM core version 6.6.2.Final
2025-01-18T11:34:38.518+02:00  INFO 63336 --- [main] o.h.c.internal.RegionFactoryInitiator    : HHH000026: Second-level cache disabled
2025-01-18T11:34:38.634+02:00  INFO 63336 --- [main] o.s.o.j.p.SpringPersistenceUnitInfo      : No LoadTimeWeaver setup: ignoring JPA class transformer
2025-01-18T11:34:39.094+02:00  INFO 63336 --- [main] o.h.e.t.j.p.i.JtaPlatformInitiator       : HHH000489: No JTA platform available (set 'hibernate.transaction.jta.platform' to enable JTA platform integration)
2025-01-18T11:34:39.109+02:00  INFO 63336 --- [main] j.LocalContainerEntityManagerFactoryBean : Initialized JPA EntityManagerFactory for persistence unit 'default'
2025-01-18T11:34:39.315+02:00  INFO 63336 --- [main] o.s.main.student.StudentRepositoryTest   : Started StudentRepositoryTest in 1.551 seconds (process running for 2.218)
2025-01-18T11:34:39.597+02:00  INFO 63336 --- [SpringApplicationShutdownHook] j.LocalContainerEntityManagerFactoryBean : Closing JPA EntityManagerFactory for persistence unit 'default'
2025-01-18T11:36:39.214+02:00  INFO 63363 --- [main] o.s.main.student.StudentRepositoryTest   : Starting StudentRepositoryTest using Java 17.0.12 with PID 63363 (started by admin in /Users/admin/IdeaProjects/StudyManager)
2025-01-18T11:36:39.215+02:00  INFO 63363 --- [main] o.s.main.student.StudentRepositoryTest   : No active profile set, falling back to 1 default profile: "default"
2025-01-18T11:36:39.390+02:00  INFO 63363 --- [main] .s.d.r.c.RepositoryConfigurationDelegate : Bootstrapping Spring Data JPA repositories in DEFAULT mode.
2025-01-18T11:36:39.428+02:00  INFO 63363 --- [main] .s.d.r.c.RepositoryConfigurationDelegate : Finished Spring Data repository scanning in 33 ms. Found 2 JPA repository interfaces.
2025-01-18T11:36:39.459+02:00  INFO 63363 --- [main] beddedDataSourceBeanFactoryPostProcessor : Replacing 'dataSource' DataSource bean with embedded version
2025-01-18T11:36:39.526+02:00  INFO 63363 --- [main] o.s.j.d.e.EmbeddedDatabaseFactory        : Starting embedded database: url='jdbc:h2:mem:2d2e5748-088d-4a94-8a00-386c3ad0797c;DB_CLOSE_DELAY=-1;DB_CLOSE_ON_EXIT=false', username='sa'
2025-01-18T11:36:39.662+02:00  INFO 63363 --- [main] o.hibernate.jpa.internal.util.LogHelper  : HHH000204: Processing PersistenceUnitInfo [name: default]
2025-01-18T11:36:39.687+02:00  INFO 63363 --- [main] org.hibernate.Version                    : HHH000412: Hibernate ORM core version 6.6.2.Final
2025-01-18T11:36:39.701+02:00  INFO 63363 --- [main] o.h.c.internal.RegionFactoryInitiator    : HHH000026: Second-level cache disabled
2025-01-18T11:36:39.811+02:00  INFO 63363 --- [main] o.s.o.j.p.SpringPersistenceUnitInfo      : No LoadTimeWeaver setup: ignoring JPA class transformer
2025-01-18T11:36:40.261+02:00  INFO 63363 --- [main] o.h.e.t.j.p.i.JtaPlatformInitiator       : HHH000489: No JTA platform available (set 'hibernate.transaction.jta.platform' to enable JTA platform integration)
2025-01-18T11:36:40.278+02:00  INFO 63363 --- [main] j.LocalContainerEntityManagerFactoryBean : Initialized JPA EntityManagerFactory for persistence unit 'default'
2025-01-18T11:36:40.429+02:00  INFO 63363 --- [main] o.s.main.student.StudentRepositoryTest   : Started StudentRepositoryTest in 1.386 seconds (process running for 1.999)
2025-01-18T11:36:40.742+02:00  INFO 63363 --- [SpringApplicationShutdownHook] j.LocalContainerEntityManagerFactoryBean : Closing JPA EntityManagerFactory for persistence unit 'default'
2025-01-18T11:37:18.912+02:00  INFO 63377 --- [main] o.s.main.student.StudentRepositoryTest   : Starting StudentRepositoryTest using Java 17.0.12 with PID 63377 (started by admin in /Users/admin/IdeaProjects/StudyManager)
2025-01-18T11:37:18.913+02:00  INFO 63377 --- [main] o.s.main.student.StudentRepositoryTest   : No active profile set, falling back to 1 default profile: "default"
2025-01-18T11:37:19.168+02:00  INFO 63377 --- [main] .s.d.r.c.RepositoryConfigurationDelegate : Bootstrapping Spring Data JPA repositories in DEFAULT mode.
2025-01-18T11:37:19.209+02:00  INFO 63377 --- [main] .s.d.r.c.RepositoryConfigurationDelegate : Finished Spring Data repository scanning in 35 ms. Found 2 JPA repository interfaces.
2025-01-18T11:37:19.245+02:00  INFO 63377 --- [main] beddedDataSourceBeanFactoryPostProcessor : Replacing 'dataSource' DataSource bean with embedded version
2025-01-18T11:37:19.315+02:00  INFO 63377 --- [main] o.s.j.d.e.EmbeddedDatabaseFactory        : Starting embedded database: url='jdbc:h2:mem:54b445dd-66b7-468a-921a-f4baa90a0aaf;DB_CLOSE_DELAY=-1;DB_CLOSE_ON_EXIT=false', username='sa'
2025-01-18T11:37:19.446+02:00  INFO 63377 --- [main] o.hibernate.jpa.internal.util.LogHelper  : HHH000204: Processing PersistenceUnitInfo [name: default]
2025-01-18T11:37:19.468+02:00  INFO 63377 --- [main] org.hibernate.Version                    : HHH000412: Hibernate ORM core version 6.6.2.Final
2025-01-18T11:37:19.480+02:00  INFO 63377 --- [main] o.h.c.internal.RegionFactoryInitiator    : HHH000026: Second-level cache disabled
2025-01-18T11:37:19.596+02:00  INFO 63377 --- [main] o.s.o.j.p.SpringPersistenceUnitInfo      : No LoadTimeWeaver setup: ignoring JPA class transformer
2025-01-18T11:37:20.053+02:00  INFO 63377 --- [main] o.h.e.t.j.p.i.JtaPlatformInitiator       : HHH000489: No JTA platform available (set 'hibernate.transaction.jta.platform' to enable JTA platform integration)
2025-01-18T11:37:20.070+02:00  INFO 63377 --- [main] j.LocalContainerEntityManagerFactoryBean : Initialized JPA EntityManagerFactory for persistence unit 'default'
2025-01-18T11:37:20.244+02:00  INFO 63377 --- [main] o.s.main.student.StudentRepositoryTest   : Started StudentRepositoryTest in 1.514 seconds (process running for 2.144)
2025-01-18T11:37:20.553+02:00  INFO 63377 --- [SpringApplicationShutdownHook] j.LocalContainerEntityManagerFactoryBean : Closing JPA EntityManagerFactory for persistence unit 'default'
2025-01-18T11:39:36.881+02:00  INFO 63400 --- [main] o.s.main.student.StudentRepositoryTest   : Starting StudentRepositoryTest using Java 17.0.12 with PID 63400 (started by admin in /Users/admin/IdeaProjects/StudyManager)
2025-01-18T11:39:36.882+02:00  INFO 63400 --- [main] o.s.main.student.StudentRepositoryTest   : No active profile set, falling back to 1 default profile: "default"
2025-01-18T11:39:37.062+02:00  INFO 63400 --- [main] .s.d.r.c.RepositoryConfigurationDelegate : Bootstrapping Spring Data JPA repositories in DEFAULT mode.
2025-01-18T11:39:37.108+02:00  INFO 63400 --- [main] .s.d.r.c.RepositoryConfigurationDelegate : Finished Spring Data repository scanning in 40 ms. Found 2 JPA repository interfaces.
2025-01-18T11:39:37.134+02:00  INFO 63400 --- [main] beddedDataSourceBeanFactoryPostProcessor : Replacing 'dataSource' DataSource bean with embedded version
2025-01-18T11:39:37.202+02:00  INFO 63400 --- [main] o.s.j.d.e.EmbeddedDatabaseFactory        : Starting embedded database: url='jdbc:h2:mem:edbb38d6-1288-4ed3-8363-b2bafaf85b00;DB_CLOSE_DELAY=-1;DB_CLOSE_ON_EXIT=false', username='sa'
2025-01-18T11:39:37.337+02:00  INFO 63400 --- [main] o.hibernate.jpa.internal.util.LogHelper  : HHH000204: Processing PersistenceUnitInfo [name: default]
2025-01-18T11:39:37.359+02:00  INFO 63400 --- [main] org.hibernate.Version                    : HHH000412: Hibernate ORM core version 6.6.2.Final
2025-01-18T11:39:37.372+02:00  INFO 63400 --- [main] o.h.c.internal.RegionFactoryInitiator    : HHH000026: Second-level cache disabled
2025-01-18T11:39:37.486+02:00  INFO 63400 --- [main] o.s.o.j.p.SpringPersistenceUnitInfo      : No LoadTimeWeaver setup: ignoring JPA class transformer
2025-01-18T11:39:37.926+02:00  INFO 63400 --- [main] o.h.e.t.j.p.i.JtaPlatformInitiator       : HHH000489: No JTA platform available (set 'hibernate.transaction.jta.platform' to enable JTA platform integration)
2025-01-18T11:39:37.943+02:00  INFO 63400 --- [main] j.LocalContainerEntityManagerFactoryBean : Initialized JPA EntityManagerFactory for persistence unit 'default'
2025-01-18T11:39:38.101+02:00  INFO 63400 --- [main] o.s.main.student.StudentRepositoryTest   : Started StudentRepositoryTest in 1.39 seconds (process running for 2.004)
2025-01-18T11:39:38.411+02:00  INFO 63400 --- [SpringApplicationShutdownHook] j.LocalContainerEntityManagerFactoryBean : Closing JPA EntityManagerFactory for persistence unit 'default'
2025-01-18T11:39:57.153+02:00  INFO 63416 --- [main] o.s.main.student.StudentRepositoryTest   : Starting StudentRepositoryTest using Java 17.0.12 with PID 63416 (started by admin in /Users/admin/IdeaProjects/StudyManager)
2025-01-18T11:39:57.154+02:00  INFO 63416 --- [main] o.s.main.student.StudentRepositoryTest   : No active profile set, falling back to 1 default profile: "default"
2025-01-18T11:39:57.359+02:00  INFO 63416 --- [main] .s.d.r.c.RepositoryConfigurationDelegate : Bootstrapping Spring Data JPA repositories in DEFAULT mode.
2025-01-18T11:39:57.413+02:00  INFO 63416 --- [main] .s.d.r.c.RepositoryConfigurationDelegate : Finished Spring Data repository scanning in 48 ms. Found 2 JPA repository interfaces.
2025-01-18T11:39:57.446+02:00  INFO 63416 --- [main] beddedDataSourceBeanFactoryPostProcessor : Replacing 'dataSource' DataSource bean with embedded version
2025-01-18T11:39:57.530+02:00  INFO 63416 --- [main] o.s.j.d.e.EmbeddedDatabaseFactory        : Starting embedded database: url='jdbc:h2:mem:391d3fdf-93a4-4645-8648-7cbbdecfb7ad;DB_CLOSE_DELAY=-1;DB_CLOSE_ON_EXIT=false', username='sa'
2025-01-18T11:39:57.673+02:00  INFO 63416 --- [main] o.hibernate.jpa.internal.util.LogHelper  : HHH000204: Processing PersistenceUnitInfo [name: default]
2025-01-18T11:39:57.696+02:00  INFO 63416 --- [main] org.hibernate.Version                    : HHH000412: Hibernate ORM core version 6.6.2.Final
2025-01-18T11:39:57.710+02:00  INFO 63416 --- [main] o.h.c.internal.RegionFactoryInitiator    : HHH000026: Second-level cache disabled
2025-01-18T11:39:57.825+02:00  INFO 63416 --- [main] o.s.o.j.p.SpringPersistenceUnitInfo      : No LoadTimeWeaver setup: ignoring JPA class transformer
2025-01-18T11:39:58.286+02:00  INFO 63416 --- [main] o.h.e.t.j.p.i.JtaPlatformInitiator       : HHH000489: No JTA platform available (set 'hibernate.transaction.jta.platform' to enable JTA platform integration)
2025-01-18T11:39:58.303+02:00  INFO 63416 --- [main] j.LocalContainerEntityManagerFactoryBean : Initialized JPA EntityManagerFactory for persistence unit 'default'
2025-01-18T11:39:58.474+02:00  INFO 63416 --- [main] o.s.main.student.StudentRepositoryTest   : Started StudentRepositoryTest in 1.499 seconds (process running for 2.22)
2025-01-18T11:39:58.800+02:00  INFO 63416 --- [SpringApplicationShutdownHook] j.LocalContainerEntityManagerFactoryBean : Closing JPA EntityManagerFactory for persistence unit 'default'
2025-01-18T11:40:19.336+02:00  INFO 63427 --- [main] o.s.main.student.StudentRepositoryTest   : Starting StudentRepositoryTest using Java 17.0.12 with PID 63427 (started by admin in /Users/admin/IdeaProjects/StudyManager)
2025-01-18T11:40:19.336+02:00  INFO 63427 --- [main] o.s.main.student.StudentRepositoryTest   : No active profile set, falling back to 1 default profile: "default"
2025-01-18T11:40:19.522+02:00  INFO 63427 --- [main] .s.d.r.c.RepositoryConfigurationDelegate : Bootstrapping Spring Data JPA repositories in DEFAULT mode.
2025-01-18T11:40:19.566+02:00  INFO 63427 --- [main] .s.d.r.c.RepositoryConfigurationDelegate : Finished Spring Data repository scanning in 38 ms. Found 2 JPA repository interfaces.
2025-01-18T11:40:19.591+02:00  INFO 63427 --- [main] beddedDataSourceBeanFactoryPostProcessor : Replacing 'dataSource' DataSource bean with embedded version
2025-01-18T11:40:19.653+02:00  INFO 63427 --- [main] o.s.j.d.e.EmbeddedDatabaseFactory        : Starting embedded database: url='jdbc:h2:mem:48bc6988-580a-4bd8-8ac3-4ab676726726;DB_CLOSE_DELAY=-1;DB_CLOSE_ON_EXIT=false', username='sa'
2025-01-18T11:40:19.794+02:00  INFO 63427 --- [main] o.hibernate.jpa.internal.util.LogHelper  : HHH000204: Processing PersistenceUnitInfo [name: default]
2025-01-18T11:40:19.822+02:00  INFO 63427 --- [main] org.hibernate.Version                    : HHH000412: Hibernate ORM core version 6.6.2.Final
2025-01-18T11:40:19.837+02:00  INFO 63427 --- [main] o.h.c.internal.RegionFactoryInitiator    : HHH000026: Second-level cache disabled
2025-01-18T11:40:19.960+02:00  INFO 63427 --- [main] o.s.o.j.p.SpringPersistenceUnitInfo      : No LoadTimeWeaver setup: ignoring JPA class transformer
2025-01-18T11:40:20.417+02:00  INFO 63427 --- [main] o.h.e.t.j.p.i.JtaPlatformInitiator       : HHH000489: No JTA platform available (set 'hibernate.transaction.jta.platform' to enable JTA platform integration)
2025-01-18T11:40:20.434+02:00  INFO 63427 --- [main] j.LocalContainerEntityManagerFactoryBean : Initialized JPA EntityManagerFactory for persistence unit 'default'
2025-01-18T11:40:20.594+02:00  INFO 63427 --- [main] o.s.main.student.StudentRepositoryTest   : Started StudentRepositoryTest in 1.43 seconds (process running for 2.075)
2025-01-18T11:40:20.933+02:00  WARN 63427 --- [main] o.h.engine.jdbc.spi.SqlExceptionHelper   : SQL Error: 23505, SQLState: 23505
2025-01-18T11:40:20.933+02:00 ERROR 63427 --- [main] o.h.engine.jdbc.spi.SqlExceptionHelper   : Unique index or primary key violation: "PUBLIC.CONSTRAINT_INDEX_9 ON PUBLIC.STUDENTS(EMAIL NULLS FIRST) VALUES ( /* 3 */ 'test@gmail.com' )"; SQL statement:
insert into students (created_at,email,first_name,last_name,password,role,updated_at,user_type,id) values (?,?,?,?,?,?,?,?,?) [23505-232]
2025-01-18T11:40:20.947+02:00  INFO 63427 --- [SpringApplicationShutdownHook] j.LocalContainerEntityManagerFactoryBean : Closing JPA EntityManagerFactory for persistence unit 'default'
2025-01-18T11:40:24.747+02:00  INFO 63433 --- [main] o.s.main.student.StudentRepositoryTest   : Starting StudentRepositoryTest using Java 17.0.12 with PID 63433 (started by admin in /Users/admin/IdeaProjects/StudyManager)
2025-01-18T11:40:24.748+02:00  INFO 63433 --- [main] o.s.main.student.StudentRepositoryTest   : No active profile set, falling back to 1 default profile: "default"
2025-01-18T11:40:24.957+02:00  INFO 63433 --- [main] .s.d.r.c.RepositoryConfigurationDelegate : Bootstrapping Spring Data JPA repositories in DEFAULT mode.
2025-01-18T11:40:25.003+02:00  INFO 63433 --- [main] .s.d.r.c.RepositoryConfigurationDelegate : Finished Spring Data repository scanning in 39 ms. Found 2 JPA repository interfaces.
2025-01-18T11:40:25.031+02:00  INFO 63433 --- [main] beddedDataSourceBeanFactoryPostProcessor : Replacing 'dataSource' DataSource bean with embedded version
2025-01-18T11:40:25.102+02:00  INFO 63433 --- [main] o.s.j.d.e.EmbeddedDatabaseFactory        : Starting embedded database: url='jdbc:h2:mem:977e7682-cf3a-4f4f-a78a-d909be4ffb71;DB_CLOSE_DELAY=-1;DB_CLOSE_ON_EXIT=false', username='sa'
2025-01-18T11:40:25.242+02:00  INFO 63433 --- [main] o.hibernate.jpa.internal.util.LogHelper  : HHH000204: Processing PersistenceUnitInfo [name: default]
2025-01-18T11:40:25.267+02:00  INFO 63433 --- [main] org.hibernate.Version                    : HHH000412: Hibernate ORM core version 6.6.2.Final
2025-01-18T11:40:25.281+02:00  INFO 63433 --- [main] o.h.c.internal.RegionFactoryInitiator    : HHH000026: Second-level cache disabled
2025-01-18T11:40:25.401+02:00  INFO 63433 --- [main] o.s.o.j.p.SpringPersistenceUnitInfo      : No LoadTimeWeaver setup: ignoring JPA class transformer
2025-01-18T11:40:25.866+02:00  INFO 63433 --- [main] o.h.e.t.j.p.i.JtaPlatformInitiator       : HHH000489: No JTA platform available (set 'hibernate.transaction.jta.platform' to enable JTA platform integration)
2025-01-18T11:40:25.883+02:00  INFO 63433 --- [main] j.LocalContainerEntityManagerFactoryBean : Initialized JPA EntityManagerFactory for persistence unit 'default'
2025-01-18T11:40:26.052+02:00  INFO 63433 --- [main] o.s.main.student.StudentRepositoryTest   : Started StudentRepositoryTest in 1.487 seconds (process running for 2.156)
2025-01-18T11:40:26.331+02:00  WARN 63433 --- [main] o.h.engine.jdbc.spi.SqlExceptionHelper   : SQL Error: 23505, SQLState: 23505
2025-01-18T11:40:26.331+02:00 ERROR 63433 --- [main] o.h.engine.jdbc.spi.SqlExceptionHelper   : Unique index or primary key violation: "PUBLIC.CONSTRAINT_INDEX_9 ON PUBLIC.STUDENTS(EMAIL NULLS FIRST) VALUES ( /* 1 */ 'test@gmail.com' )"; SQL statement:
insert into students (created_at,email,first_name,last_name,password,role,updated_at,user_type,id) values (?,?,?,?,?,?,?,?,?) [23505-232]
2025-01-18T11:40:26.349+02:00  INFO 63433 --- [SpringApplicationShutdownHook] j.LocalContainerEntityManagerFactoryBean : Closing JPA EntityManagerFactory for persistence unit 'default'
2025-01-18T11:42:26.871+02:00  INFO 63452 --- [main] o.s.main.student.StudentRepositoryTest   : Starting StudentRepositoryTest using Java 17.0.12 with PID 63452 (started by admin in /Users/admin/IdeaProjects/StudyManager)
2025-01-18T11:42:26.872+02:00  INFO 63452 --- [main] o.s.main.student.StudentRepositoryTest   : No active profile set, falling back to 1 default profile: "default"
2025-01-18T11:42:27.110+02:00  INFO 63452 --- [main] .s.d.r.c.RepositoryConfigurationDelegate : Bootstrapping Spring Data JPA repositories in DEFAULT mode.
2025-01-18T11:42:27.145+02:00  INFO 63452 --- [main] .s.d.r.c.RepositoryConfigurationDelegate : Finished Spring Data repository scanning in 29 ms. Found 2 JPA repository interfaces.
2025-01-18T11:42:27.172+02:00  INFO 63452 --- [main] beddedDataSourceBeanFactoryPostProcessor : Replacing 'dataSource' DataSource bean with embedded version
2025-01-18T11:42:27.241+02:00  INFO 63452 --- [main] o.s.j.d.e.EmbeddedDatabaseFactory        : Starting embedded database: url='jdbc:h2:mem:39c643e1-f30e-4c90-af29-2e66950af9bf;DB_CLOSE_DELAY=-1;DB_CLOSE_ON_EXIT=false', username='sa'
2025-01-18T11:42:27.376+02:00  INFO 63452 --- [main] o.hibernate.jpa.internal.util.LogHelper  : HHH000204: Processing PersistenceUnitInfo [name: default]
2025-01-18T11:42:27.400+02:00  INFO 63452 --- [main] org.hibernate.Version                    : HHH000412: Hibernate ORM core version 6.6.2.Final
2025-01-18T11:42:27.414+02:00  INFO 63452 --- [main] o.h.c.internal.RegionFactoryInitiator    : HHH000026: Second-level cache disabled
2025-01-18T11:42:27.527+02:00  INFO 63452 --- [main] o.s.o.j.p.SpringPersistenceUnitInfo      : No LoadTimeWeaver setup: ignoring JPA class transformer
2025-01-18T11:42:27.990+02:00  INFO 63452 --- [main] o.h.e.t.j.p.i.JtaPlatformInitiator       : HHH000489: No JTA platform available (set 'hibernate.transaction.jta.platform' to enable JTA platform integration)
2025-01-18T11:42:28.005+02:00  INFO 63452 --- [main] j.LocalContainerEntityManagerFactoryBean : Initialized JPA EntityManagerFactory for persistence unit 'default'
2025-01-18T11:42:28.182+02:00  INFO 63452 --- [main] o.s.main.student.StudentRepositoryTest   : Started StudentRepositoryTest in 1.514 seconds (process running for 2.201)
2025-01-18T11:42:28.428+02:00  INFO 63452 --- [SpringApplicationShutdownHook] j.LocalContainerEntityManagerFactoryBean : Closing JPA EntityManagerFactory for persistence unit 'default'
2025-01-18T11:42:38.111+02:00  INFO 63462 --- [main] o.s.main.student.StudentRepositoryTest   : Starting StudentRepositoryTest using Java 17.0.12 with PID 63462 (started by admin in /Users/admin/IdeaProjects/StudyManager)
2025-01-18T11:42:38.112+02:00  INFO 63462 --- [main] o.s.main.student.StudentRepositoryTest   : No active profile set, falling back to 1 default profile: "default"
2025-01-18T11:42:38.332+02:00  INFO 63462 --- [main] .s.d.r.c.RepositoryConfigurationDelegate : Bootstrapping Spring Data JPA repositories in DEFAULT mode.
2025-01-18T11:42:38.374+02:00  INFO 63462 --- [main] .s.d.r.c.RepositoryConfigurationDelegate : Finished Spring Data repository scanning in 37 ms. Found 2 JPA repository interfaces.
2025-01-18T11:42:38.405+02:00  INFO 63462 --- [main] beddedDataSourceBeanFactoryPostProcessor : Replacing 'dataSource' DataSource bean with embedded version
2025-01-18T11:42:38.481+02:00  INFO 63462 --- [main] o.s.j.d.e.EmbeddedDatabaseFactory        : Starting embedded database: url='jdbc:h2:mem:9fd94786-877f-421b-9e5f-55b744129e83;DB_CLOSE_DELAY=-1;DB_CLOSE_ON_EXIT=false', username='sa'
2025-01-18T11:42:38.617+02:00  INFO 63462 --- [main] o.hibernate.jpa.internal.util.LogHelper  : HHH000204: Processing PersistenceUnitInfo [name: default]
2025-01-18T11:42:38.642+02:00  INFO 63462 --- [main] org.hibernate.Version                    : HHH000412: Hibernate ORM core version 6.6.2.Final
2025-01-18T11:42:38.655+02:00  INFO 63462 --- [main] o.h.c.internal.RegionFactoryInitiator    : HHH000026: Second-level cache disabled
2025-01-18T11:42:38.781+02:00  INFO 63462 --- [main] o.s.o.j.p.SpringPersistenceUnitInfo      : No LoadTimeWeaver setup: ignoring JPA class transformer
2025-01-18T11:42:39.250+02:00  INFO 63462 --- [main] o.h.e.t.j.p.i.JtaPlatformInitiator       : HHH000489: No JTA platform available (set 'hibernate.transaction.jta.platform' to enable JTA platform integration)
2025-01-18T11:42:39.267+02:00  INFO 63462 --- [main] j.LocalContainerEntityManagerFactoryBean : Initialized JPA EntityManagerFactory for persistence unit 'default'
2025-01-18T11:42:39.442+02:00  INFO 63462 --- [main] o.s.main.student.StudentRepositoryTest   : Started StudentRepositoryTest in 1.513 seconds (process running for 2.146)
2025-01-18T11:42:39.686+02:00  WARN 63462 --- [main] o.h.engine.jdbc.spi.SqlExceptionHelper   : SQL Error: 23505, SQLState: 23505
2025-01-18T11:42:39.686+02:00 ERROR 63462 --- [main] o.h.engine.jdbc.spi.SqlExceptionHelper   : Unique index or primary key violation: "PUBLIC.CONSTRAINT_INDEX_9 ON PUBLIC.STUDENTS(EMAIL NULLS FIRST) VALUES ( /* 1 */ 'test@gmail.com' )"; SQL statement:
insert into students (created_at,email,first_name,last_name,password,role,updated_at,user_type,id) values (?,?,?,?,?,?,?,?,?) [23505-232]
2025-01-18T11:42:39.702+02:00  INFO 63462 --- [SpringApplicationShutdownHook] j.LocalContainerEntityManagerFactoryBean : Closing JPA EntityManagerFactory for persistence unit 'default'
